<?xml version="1.0" encoding="UTF-8"?>
<coverage generated="1711888132904" clover="3.2.0">
  <project timestamp="1711888132904" name="All files">
    <metrics statements="503" coveredstatements="479" conditionals="152" coveredconditionals="120" methods="34" coveredmethods="29" elements="689" coveredelements="628" complexity="0" loc="503" ncloc="503" packages="1" files="7" classes="7"/>
    <file name="auth.js" path="/import/kamen/3/z5359445/SENG2021/invoice-seng2021-24t1-seng2021-24t1-w11a_sherlock/auth.js">
      <metrics statements="65" coveredstatements="47" conditionals="24" coveredconditionals="16" methods="10" coveredmethods="7"/>
      <line num="1" count="2" type="stmt"/>
      <line num="2" count="2" type="stmt"/>
      <line num="4" count="2" type="stmt"/>
      <line num="5" count="2" type="stmt"/>
      <line num="7" count="2" type="stmt"/>
      <line num="9" count="8" type="cond" truecount="2" falsecount="0"/>
      <line num="10" count="1" type="stmt"/>
      <line num="12" count="7" type="cond" truecount="2" falsecount="0"/>
      <line num="13" count="2" type="stmt"/>
      <line num="15" count="5" type="stmt"/>
      <line num="16" count="5" type="stmt"/>
      <line num="17" count="5" type="stmt"/>
      <line num="19" count="5" type="stmt"/>
      <line num="27" count="5" type="stmt"/>
      <line num="28" count="5" type="stmt"/>
      <line num="30" count="5" type="stmt"/>
      <line num="37" count="4" type="stmt"/>
      <line num="38" count="4" type="stmt"/>
      <line num="39" count="4" type="cond" truecount="2" falsecount="0"/>
      <line num="40" count="2" type="stmt"/>
      <line num="43" count="2" type="cond" truecount="2" falsecount="0"/>
      <line num="44" count="1" type="stmt"/>
      <line num="47" count="1" type="stmt"/>
      <line num="53" count="1" type="cond" truecount="1" falsecount="1"/>
      <line num="54" count="1" type="stmt"/>
      <line num="57" count="0" type="stmt"/>
      <line num="58" count="0" type="stmt"/>
      <line num="59" count="0" type="stmt"/>
      <line num="61" count="0" type="stmt"/>
      <line num="62" count="0" type="stmt"/>
      <line num="67" count="7" type="cond" truecount="2" falsecount="0"/>
      <line num="68" count="1" type="stmt"/>
      <line num="70" count="6" type="cond" truecount="2" falsecount="0"/>
      <line num="71" count="1" type="stmt"/>
      <line num="73" count="5" type="stmt"/>
      <line num="77" count="10" type="stmt"/>
      <line num="78" count="10" type="stmt"/>
      <line num="79" count="3" type="cond" truecount="1" falsecount="1"/>
      <line num="80" count="3" type="stmt"/>
      <line num="83" count="7" type="stmt"/>
      <line num="87" count="9" type="stmt"/>
      <line num="88" count="9" type="stmt"/>
      <line num="89" count="9" type="stmt"/>
      <line num="91" count="9" type="cond" truecount="1" falsecount="1"/>
      <line num="92" count="0" type="stmt"/>
      <line num="94" count="9" type="stmt"/>
      <line num="97" count="9" type="stmt"/>
      <line num="101" count="10" type="stmt"/>
      <line num="102" count="10" type="stmt"/>
      <line num="103" count="2" type="stmt"/>
      <line num="104" count="2" type="cond" truecount="1" falsecount="1"/>
      <line num="105" count="0" type="stmt"/>
      <line num="109" count="10" type="stmt"/>
      <line num="113" count="0" type="stmt"/>
      <line num="114" count="0" type="stmt"/>
      <line num="115" count="0" type="stmt"/>
      <line num="116" count="0" type="cond" truecount="0" falsecount="2"/>
      <line num="117" count="0" type="stmt"/>
      <line num="121" count="0" type="stmt"/>
      <line num="125" count="0" type="stmt"/>
      <line num="126" count="0" type="stmt"/>
      <line num="127" count="0" type="cond" truecount="0" falsecount="2"/>
      <line num="128" count="0" type="stmt"/>
      <line num="131" count="0" type="stmt"/>
      <line num="134" count="2" type="stmt"/>
    </file>
    <file name="generate.js" path="/import/kamen/3/z5359445/SENG2021/invoice-seng2021-24t1-seng2021-24t1-w11a_sherlock/generate.js">
      <metrics statements="291" coveredstatements="291" conditionals="61" coveredconditionals="56" methods="3" coveredmethods="3"/>
      <line num="1" count="3" type="stmt"/>
      <line num="3" count="3" type="stmt"/>
      <line num="6" count="16" type="stmt"/>
      <line num="8" count="16" type="cond" truecount="2" falsecount="0"/>
      <line num="9" count="8" type="stmt"/>
      <line num="12" count="8" type="stmt"/>
      <line num="13" count="8" type="stmt"/>
      <line num="15" count="8" type="stmt"/>
      <line num="17" count="8" type="stmt"/>
      <line num="18" count="106" type="cond" truecount="1" falsecount="1"/>
      <line num="19" count="106" type="stmt"/>
      <line num="20" count="106" type="stmt"/>
      <line num="21" count="106" type="cond" truecount="2" falsecount="0"/>
      <line num="22" count="100" type="cond" truecount="17" falsecount="0"/>
      <line num="24" count="6" type="stmt"/>
      <line num="25" count="6" type="stmt"/>
      <line num="26" count="6" type="stmt"/>
      <line num="27" count="6" type="stmt"/>
      <line num="28" count="6" type="stmt"/>
      <line num="30" count="6" type="stmt"/>
      <line num="31" count="6" type="stmt"/>
      <line num="32" count="6" type="stmt"/>
      <line num="33" count="6" type="stmt"/>
      <line num="35" count="6" type="stmt"/>
      <line num="36" count="6" type="stmt"/>
      <line num="37" count="6" type="stmt"/>
      <line num="38" count="6" type="stmt"/>
      <line num="40" count="6" type="stmt"/>
      <line num="41" count="6" type="stmt"/>
      <line num="42" count="6" type="stmt"/>
      <line num="43" count="6" type="stmt"/>
      <line num="45" count="6" type="stmt"/>
      <line num="46" count="6" type="stmt"/>
      <line num="47" count="6" type="stmt"/>
      <line num="48" count="6" type="stmt"/>
      <line num="50" count="6" type="stmt"/>
      <line num="51" count="6" type="stmt"/>
      <line num="52" count="6" type="stmt"/>
      <line num="54" count="6" type="stmt"/>
      <line num="55" count="6" type="stmt"/>
      <line num="56" count="6" type="stmt"/>
      <line num="57" count="6" type="stmt"/>
      <line num="59" count="6" type="stmt"/>
      <line num="60" count="6" type="stmt"/>
      <line num="61" count="6" type="stmt"/>
      <line num="62" count="6" type="stmt"/>
      <line num="63" count="6" type="stmt"/>
      <line num="65" count="6" type="stmt"/>
      <line num="66" count="6" type="stmt"/>
      <line num="67" count="6" type="stmt"/>
      <line num="68" count="6" type="stmt"/>
      <line num="69" count="6" type="stmt"/>
      <line num="71" count="6" type="stmt"/>
      <line num="72" count="6" type="stmt"/>
      <line num="73" count="6" type="stmt"/>
      <line num="74" count="6" type="stmt"/>
      <line num="76" count="2" type="stmt"/>
      <line num="77" count="2" type="stmt"/>
      <line num="78" count="2" type="stmt"/>
      <line num="79" count="2" type="stmt"/>
      <line num="81" count="6" type="stmt"/>
      <line num="82" count="6" type="stmt"/>
      <line num="83" count="6" type="stmt"/>
      <line num="84" count="6" type="stmt"/>
      <line num="86" count="6" type="stmt"/>
      <line num="87" count="6" type="stmt"/>
      <line num="88" count="6" type="stmt"/>
      <line num="89" count="6" type="stmt"/>
      <line num="91" count="6" type="stmt"/>
      <line num="92" count="6" type="stmt"/>
      <line num="93" count="6" type="stmt"/>
      <line num="94" count="6" type="stmt"/>
      <line num="96" count="6" type="stmt"/>
      <line num="97" count="6" type="stmt"/>
      <line num="98" count="6" type="stmt"/>
      <line num="100" count="6" type="stmt"/>
      <line num="101" count="6" type="stmt"/>
      <line num="102" count="6" type="stmt"/>
      <line num="103" count="6" type="stmt"/>
      <line num="104" count="6" type="stmt"/>
      <line num="105" count="6" type="stmt"/>
      <line num="106" count="6" type="stmt"/>
      <line num="107" count="6" type="stmt"/>
      <line num="109" count="6" type="stmt"/>
      <line num="110" count="6" type="stmt"/>
      <line num="111" count="6" type="stmt"/>
      <line num="112" count="6" type="stmt"/>
      <line num="114" count="6" type="stmt"/>
      <line num="115" count="6" type="stmt"/>
      <line num="116" count="6" type="stmt"/>
      <line num="117" count="6" type="stmt"/>
      <line num="119" count="6" type="stmt"/>
      <line num="120" count="6" type="stmt"/>
      <line num="121" count="6" type="stmt"/>
      <line num="122" count="6" type="stmt"/>
      <line num="123" count="6" type="stmt"/>
      <line num="124" count="6" type="stmt"/>
      <line num="125" count="6" type="stmt"/>
      <line num="126" count="6" type="stmt"/>
      <line num="127" count="6" type="stmt"/>
      <line num="128" count="6" type="stmt"/>
      <line num="129" count="6" type="stmt"/>
      <line num="130" count="6" type="stmt"/>
      <line num="131" count="6" type="stmt"/>
      <line num="132" count="6" type="stmt"/>
      <line num="133" count="6" type="stmt"/>
      <line num="134" count="6" type="stmt"/>
      <line num="136" count="6" type="stmt"/>
      <line num="137" count="10" type="stmt"/>
      <line num="139" count="10" type="stmt"/>
      <line num="140" count="60" type="cond" truecount="1" falsecount="1"/>
      <line num="144" count="60" type="stmt"/>
      <line num="145" count="60" type="stmt"/>
      <line num="147" count="60" type="cond" truecount="5" falsecount="0"/>
      <line num="149" count="10" type="stmt"/>
      <line num="150" count="10" type="stmt"/>
      <line num="151" count="10" type="stmt"/>
      <line num="152" count="10" type="stmt"/>
      <line num="154" count="10" type="stmt"/>
      <line num="155" count="10" type="stmt"/>
      <line num="156" count="10" type="stmt"/>
      <line num="158" count="10" type="stmt"/>
      <line num="159" count="10" type="stmt"/>
      <line num="160" count="10" type="stmt"/>
      <line num="162" count="10" type="stmt"/>
      <line num="163" count="10" type="stmt"/>
      <line num="164" count="10" type="stmt"/>
      <line num="166" count="10" type="stmt"/>
      <line num="167" count="10" type="stmt"/>
      <line num="168" count="10" type="stmt"/>
      <line num="173" count="6" type="stmt"/>
      <line num="175" count="6" type="cond" truecount="1" falsecount="1"/>
      <line num="176" count="6" type="stmt"/>
      <line num="177" count="6" type="stmt"/>
      <line num="178" count="6" type="stmt"/>
      <line num="179" count="6" type="stmt"/>
      <line num="180" count="6" type="stmt"/>
      <line num="181" count="6" type="stmt"/>
      <line num="182" count="6" type="stmt"/>
      <line num="183" count="6" type="stmt"/>
      <line num="184" count="6" type="stmt"/>
      <line num="185" count="6" type="stmt"/>
      <line num="186" count="6" type="stmt"/>
      <line num="187" count="6" type="stmt"/>
      <line num="188" count="6" type="stmt"/>
      <line num="195" count="16" type="stmt"/>
      <line num="199" count="3" type="stmt"/>
      <line num="200" count="8" type="stmt"/>
      <line num="201" count="8" type="stmt"/>
      <line num="203" count="8" type="stmt"/>
      <line num="204" count="8" type="stmt"/>
      <line num="206" count="8" type="stmt"/>
      <line num="207" count="8" type="stmt"/>
      <line num="208" count="8" type="stmt"/>
      <line num="211" count="8" type="stmt"/>
      <line num="212" count="106" type="cond" truecount="1" falsecount="1"/>
      <line num="213" count="106" type="stmt"/>
      <line num="214" count="106" type="stmt"/>
      <line num="216" count="106" type="cond" truecount="2" falsecount="0"/>
      <line num="218" count="100" type="cond" truecount="17" falsecount="0"/>
      <line num="220" count="6" type="stmt"/>
      <line num="221" count="6" type="stmt"/>
      <line num="222" count="6" type="stmt"/>
      <line num="223" count="6" type="stmt"/>
      <line num="224" count="6" type="stmt"/>
      <line num="226" count="6" type="stmt"/>
      <line num="227" count="6" type="stmt"/>
      <line num="228" count="6" type="stmt"/>
      <line num="229" count="6" type="stmt"/>
      <line num="231" count="6" type="stmt"/>
      <line num="232" count="6" type="stmt"/>
      <line num="233" count="6" type="stmt"/>
      <line num="234" count="6" type="stmt"/>
      <line num="236" count="6" type="stmt"/>
      <line num="237" count="6" type="stmt"/>
      <line num="238" count="6" type="stmt"/>
      <line num="239" count="6" type="stmt"/>
      <line num="241" count="6" type="stmt"/>
      <line num="242" count="6" type="stmt"/>
      <line num="243" count="6" type="stmt"/>
      <line num="244" count="6" type="stmt"/>
      <line num="246" count="6" type="stmt"/>
      <line num="247" count="6" type="stmt"/>
      <line num="248" count="6" type="stmt"/>
      <line num="249" count="6" type="stmt"/>
      <line num="250" count="6" type="stmt"/>
      <line num="251" count="6" type="stmt"/>
      <line num="252" count="6" type="stmt"/>
      <line num="254" count="6" type="stmt"/>
      <line num="255" count="6" type="stmt"/>
      <line num="256" count="6" type="stmt"/>
      <line num="257" count="6" type="stmt"/>
      <line num="258" count="6" type="stmt"/>
      <line num="259" count="6" type="stmt"/>
      <line num="260" count="6" type="stmt"/>
      <line num="261" count="6" type="stmt"/>
      <line num="263" count="6" type="stmt"/>
      <line num="264" count="6" type="stmt"/>
      <line num="265" count="6" type="stmt"/>
      <line num="266" count="6" type="stmt"/>
      <line num="267" count="6" type="stmt"/>
      <line num="268" count="6" type="stmt"/>
      <line num="275" count="6" type="stmt"/>
      <line num="276" count="6" type="stmt"/>
      <line num="278" count="6" type="stmt"/>
      <line num="279" count="6" type="stmt"/>
      <line num="280" count="6" type="stmt"/>
      <line num="281" count="6" type="stmt"/>
      <line num="282" count="6" type="stmt"/>
      <line num="283" count="6" type="stmt"/>
      <line num="284" count="6" type="stmt"/>
      <line num="285" count="6" type="stmt"/>
      <line num="286" count="6" type="stmt"/>
      <line num="287" count="6" type="stmt"/>
      <line num="289" count="6" type="stmt"/>
      <line num="290" count="6" type="stmt"/>
      <line num="291" count="6" type="stmt"/>
      <line num="292" count="6" type="stmt"/>
      <line num="294" count="2" type="stmt"/>
      <line num="295" count="2" type="stmt"/>
      <line num="296" count="2" type="stmt"/>
      <line num="297" count="2" type="stmt"/>
      <line num="299" count="6" type="stmt"/>
      <line num="300" count="6" type="stmt"/>
      <line num="301" count="6" type="stmt"/>
      <line num="302" count="6" type="stmt"/>
      <line num="304" count="6" type="stmt"/>
      <line num="305" count="6" type="stmt"/>
      <line num="306" count="6" type="stmt"/>
      <line num="307" count="6" type="stmt"/>
      <line num="309" count="6" type="stmt"/>
      <line num="310" count="6" type="stmt"/>
      <line num="311" count="6" type="stmt"/>
      <line num="312" count="6" type="stmt"/>
      <line num="314" count="6" type="stmt"/>
      <line num="315" count="6" type="stmt"/>
      <line num="316" count="6" type="stmt"/>
      <line num="317" count="6" type="stmt"/>
      <line num="318" count="6" type="stmt"/>
      <line num="319" count="6" type="stmt"/>
      <line num="321" count="6" type="stmt"/>
      <line num="322" count="6" type="stmt"/>
      <line num="323" count="6" type="stmt"/>
      <line num="324" count="6" type="stmt"/>
      <line num="325" count="6" type="stmt"/>
      <line num="326" count="6" type="stmt"/>
      <line num="327" count="6" type="stmt"/>
      <line num="328" count="6" type="stmt"/>
      <line num="329" count="6" type="stmt"/>
      <line num="330" count="6" type="stmt"/>
      <line num="331" count="6" type="stmt"/>
      <line num="332" count="6" type="stmt"/>
      <line num="334" count="6" type="stmt"/>
      <line num="335" count="10" type="stmt"/>
      <line num="337" count="10" type="stmt"/>
      <line num="338" count="60" type="cond" truecount="1" falsecount="1"/>
      <line num="342" count="60" type="stmt"/>
      <line num="343" count="60" type="stmt"/>
      <line num="345" count="60" type="cond" truecount="5" falsecount="0"/>
      <line num="347" count="10" type="stmt"/>
      <line num="348" count="10" type="stmt"/>
      <line num="350" count="10" type="stmt"/>
      <line num="351" count="10" type="stmt"/>
      <line num="352" count="10" type="stmt"/>
      <line num="354" count="10" type="stmt"/>
      <line num="355" count="10" type="stmt"/>
      <line num="356" count="10" type="stmt"/>
      <line num="358" count="10" type="stmt"/>
      <line num="359" count="10" type="stmt"/>
      <line num="360" count="10" type="stmt"/>
      <line num="362" count="10" type="stmt"/>
      <line num="363" count="10" type="stmt"/>
      <line num="364" count="10" type="stmt"/>
      <line num="366" count="10" type="stmt"/>
      <line num="367" count="10" type="stmt"/>
      <line num="372" count="6" type="stmt"/>
      <line num="374" count="6" type="stmt"/>
      <line num="375" count="6" type="stmt"/>
      <line num="376" count="6" type="stmt"/>
      <line num="377" count="6" type="stmt"/>
      <line num="378" count="6" type="stmt"/>
      <line num="379" count="6" type="stmt"/>
      <line num="380" count="6" type="stmt"/>
      <line num="381" count="6" type="stmt"/>
      <line num="382" count="6" type="stmt"/>
      <line num="383" count="6" type="stmt"/>
      <line num="387" count="8" type="stmt"/>
      <line num="391" count="8" type="stmt"/>
      <line num="392" count="8" type="stmt"/>
      <line num="393" count="8" type="stmt"/>
      <line num="396" count="3" type="stmt"/>
    </file>
    <file name="helper.js" path="/import/kamen/3/z5359445/SENG2021/invoice-seng2021-24t1-seng2021-24t1-w11a_sherlock/helper.js">
      <metrics statements="11" coveredstatements="11" conditionals="2" coveredconditionals="2" methods="3" coveredmethods="3"/>
      <line num="1" count="2" type="stmt"/>
      <line num="2" count="2" type="stmt"/>
      <line num="3" count="2" type="stmt"/>
      <line num="5" count="2" type="stmt"/>
      <line num="6" count="2" type="stmt"/>
      <line num="9" count="15" type="stmt"/>
      <line num="13" count="20" type="cond" truecount="2" falsecount="0"/>
      <line num="14" count="11" type="stmt"/>
      <line num="19" count="19" type="stmt"/>
      <line num="20" count="19" type="stmt"/>
      <line num="23" count="2" type="stmt"/>
    </file>
    <file name="main.js" path="/import/kamen/3/z5359445/SENG2021/invoice-seng2021-24t1-seng2021-24t1-w11a_sherlock/main.js">
      <metrics statements="7" coveredstatements="6" conditionals="1" coveredconditionals="0" methods="1" coveredmethods="1"/>
      <line num="1" count="2" type="stmt"/>
      <line num="2" count="2" type="stmt"/>
      <line num="5" count="4" type="stmt"/>
      <line num="6" count="4" type="stmt"/>
      <line num="7" count="4" type="stmt"/>
      <line num="9" count="0" type="stmt"/>
      <line num="13" count="2" type="stmt"/>
    </file>
    <file name="parser.js" path="/import/kamen/3/z5359445/SENG2021/invoice-seng2021-24t1-seng2021-24t1-w11a_sherlock/parser.js">
      <metrics statements="66" coveredstatements="65" conditionals="56" coveredconditionals="40" methods="6" coveredmethods="6"/>
      <line num="1" count="3" type="stmt"/>
      <line num="2" count="3" type="stmt"/>
      <line num="3" count="3" type="stmt"/>
      <line num="4" count="3" type="stmt"/>
      <line num="5" count="3" type="stmt"/>
      <line num="6" count="3" type="stmt"/>
      <line num="19" count="8" type="stmt"/>
      <line num="20" count="8" type="stmt"/>
      <line num="22" count="8" type="stmt"/>
      <line num="23" count="7" type="stmt"/>
      <line num="24" count="7" type="stmt"/>
      <line num="29" count="7" type="cond" truecount="1" falsecount="1"/>
      <line num="30" count="0" type="stmt"/>
      <line num="32" count="7" type="stmt"/>
      <line num="33" count="7" type="stmt"/>
      <line num="36" count="7" type="cond" truecount="2" falsecount="0"/>
      <line num="37" count="6" type="stmt"/>
      <line num="41" count="6" type="stmt"/>
      <line num="44" count="7" type="cond" truecount="2" falsecount="0"/>
      <line num="45" count="6" type="stmt"/>
      <line num="49" count="6" type="stmt"/>
      <line num="53" count="7" type="cond" truecount="2" falsecount="0"/>
      <line num="57" count="7" type="cond" truecount="2" falsecount="0"/>
      <line num="62" count="7" type="cond" truecount="2" falsecount="0"/>
      <line num="63" count="6" type="stmt"/>
      <line num="64" count="6" type="stmt"/>
      <line num="65" count="9" type="stmt"/>
      <line num="66" count="9" type="cond" truecount="1" falsecount="1"/>
      <line num="69" count="9" type="cond" truecount="1" falsecount="1"/>
      <line num="72" count="9" type="cond" truecount="1" falsecount="1"/>
      <line num="73" count="9" type="cond" truecount="1" falsecount="1"/>
      <line num="76" count="9" type="cond" truecount="1" falsecount="1"/>
      <line num="77" count="9" type="stmt"/>
      <line num="81" count="9" type="stmt"/>
      <line num="87" count="9" type="cond" truecount="1" falsecount="1"/>
      <line num="88" count="9" type="cond" truecount="1" falsecount="1"/>
      <line num="92" count="9" type="stmt"/>
      <line num="93" count="54" type="stmt"/>
      <line num="95" count="9" type="stmt"/>
      <line num="99" count="7" type="cond" truecount="2" falsecount="0"/>
      <line num="100" count="6" type="cond" truecount="1" falsecount="1"/>
      <line num="103" count="6" type="stmt"/>
      <line num="105" count="7" type="stmt"/>
      <line num="110" count="1" type="stmt"/>
      <line num="116" count="18" type="stmt"/>
      <line num="117" count="18" type="cond" truecount="2" falsecount="0"/>
      <line num="119" count="18" type="cond" truecount="2" falsecount="0"/>
      <line num="120" count="13" type="cond" truecount="1" falsecount="1"/>
      <line num="123" count="13" type="cond" truecount="2" falsecount="0"/>
      <line num="126" count="13" type="cond" truecount="1" falsecount="1"/>
      <line num="129" count="13" type="cond" truecount="1" falsecount="1"/>
      <line num="132" count="13" type="cond" truecount="1" falsecount="1"/>
      <line num="133" count="13" type="cond" truecount="1" falsecount="1"/>
      <line num="137" count="13" type="stmt"/>
      <line num="141" count="18" type="cond" truecount="2" falsecount="0"/>
      <line num="144" count="18" type="cond" truecount="2" falsecount="0"/>
      <line num="145" count="7" type="stmt"/>
      <line num="148" count="18" type="stmt"/>
      <line num="149" count="90" type="stmt"/>
      <line num="152" count="18" type="stmt"/>
      <line num="153" count="90" type="stmt"/>
      <line num="156" count="18" type="stmt"/>
      <line num="161" count="168" type="cond" truecount="2" falsecount="0"/>
      <line num="162" count="61" type="stmt"/>
      <line num="164" count="168" type="stmt"/>
      <line num="167" count="3" type="stmt"/>
    </file>
    <file name="server.js" path="/import/kamen/3/z5359445/SENG2021/invoice-seng2021-24t1-seng2021-24t1-w11a_sherlock/server.js">
      <metrics statements="52" coveredstatements="48" conditionals="6" coveredconditionals="5" methods="7" coveredmethods="5"/>
      <line num="1" count="2" type="stmt"/>
      <line num="2" count="2" type="stmt"/>
      <line num="3" count="2" type="stmt"/>
      <line num="4" count="2" type="stmt"/>
      <line num="5" count="2" type="stmt"/>
      <line num="6" count="2" type="stmt"/>
      <line num="7" count="2" type="stmt"/>
      <line num="8" count="2" type="stmt"/>
      <line num="9" count="2" type="stmt"/>
      <line num="10" count="2" type="stmt"/>
      <line num="11" count="2" type="stmt"/>
      <line num="13" count="2" type="stmt"/>
      <line num="14" count="2" type="cond" truecount="2" falsecount="0"/>
      <line num="15" count="2" type="cond" truecount="2" falsecount="0"/>
      <line num="18" count="2" type="stmt"/>
      <line num="20" count="2" type="stmt"/>
      <line num="21" count="2" type="stmt"/>
      <line num="22" count="2" type="stmt"/>
      <line num="25" count="2" type="stmt"/>
      <line num="27" count="2" type="stmt"/>
      <line num="30" count="2" type="stmt"/>
      <line num="31" count="8" type="stmt"/>
      <line num="32" count="8" type="stmt"/>
      <line num="33" count="8" type="stmt"/>
      <line num="35" count="3" type="stmt"/>
      <line num="40" count="2" type="stmt"/>
      <line num="41" count="4" type="stmt"/>
      <line num="42" count="4" type="stmt"/>
      <line num="43" count="4" type="stmt"/>
      <line num="45" count="3" type="stmt"/>
      <line num="49" count="2" type="stmt"/>
      <line num="50" count="1" type="stmt"/>
      <line num="51" count="1" type="stmt"/>
      <line num="52" count="1" type="stmt"/>
      <line num="54" count="1" type="stmt"/>
      <line num="60" count="2" type="stmt"/>
      <line num="61" count="0" type="stmt"/>
      <line num="65" count="2" type="stmt"/>
      <line num="66" count="5" type="stmt"/>
      <line num="67" count="5" type="stmt"/>
      <line num="68" count="5" type="stmt"/>
      <line num="70" count="4" type="stmt"/>
      <line num="71" count="4" type="stmt"/>
      <line num="73" count="1" type="stmt"/>
      <line num="77" count="2" type="stmt"/>
      <line num="78" count="19" type="stmt"/>
      <line num="79" count="19" type="stmt"/>
      <line num="81" count="0" type="stmt"/>
      <line num="85" count="2" type="cond" truecount="1" falsecount="1"/>
      <line num="86" count="0" type="stmt"/>
      <line num="87" count="0" type="stmt"/>
      <line num="91" count="2" type="stmt"/>
    </file>
    <file name="userData.js" path="/import/kamen/3/z5359445/SENG2021/invoice-seng2021-24t1-seng2021-24t1-w11a_sherlock/userData.js">
      <metrics statements="11" coveredstatements="11" conditionals="2" coveredconditionals="1" methods="4" coveredmethods="4"/>
      <line num="1" count="2" type="stmt"/>
      <line num="3" count="2" type="stmt"/>
      <line num="5" count="2" type="stmt"/>
      <line num="8" count="25" type="stmt"/>
      <line num="9" count="25" type="stmt"/>
      <line num="13" count="24" type="stmt"/>
      <line num="14" count="24" type="stmt"/>
      <line num="18" count="24" type="stmt"/>
      <line num="22" count="25" type="cond" truecount="1" falsecount="1"/>
      <line num="23" count="25" type="stmt"/>
      <line num="27" count="2" type="stmt"/>
    </file>
  </project>
</coverage>
