{"/import/kamen/3/z5359445/SENG2021/invoice-seng2021-24t1-seng2021-24t1-w11a_sherlock/auth.js": {"path":"/import/kamen/3/z5359445/SENG2021/invoice-seng2021-24t1-seng2021-24t1-w11a_sherlock/auth.js","statementMap":{"0":{"start":{"line":1,"column":18},"end":{"line":1,"column":40}},"1":{"start":{"line":2,"column":18},"end":{"line":2,"column":38}},"2":{"start":{"line":4,"column":13},"end":{"line":4,"column":34}},"3":{"start":{"line":5,"column":15},"end":{"line":5,"column":34}},"4":{"start":{"line":7,"column":13},"end":{"line":64,"column":1}},"5":{"start":{"line":9,"column":4},"end":{"line":11,"column":5}},"6":{"start":{"line":10,"column":6},"end":{"line":10,"column":72}},"7":{"start":{"line":12,"column":4},"end":{"line":14,"column":5}},"8":{"start":{"line":13,"column":6},"end":{"line":13,"column":75}},"9":{"start":{"line":15,"column":4},"end":{"line":15,"column":32}},"10":{"start":{"line":16,"column":18},"end":{"line":16,"column":32}},"11":{"start":{"line":17,"column":18},"end":{"line":17,"column":33}},"12":{"start":{"line":19,"column":17},"end":{"line":25,"column":5}},"13":{"start":{"line":27,"column":4},"end":{"line":27,"column":21}},"14":{"start":{"line":28,"column":4},"end":{"line":28,"column":24}},"15":{"start":{"line":30,"column":4},"end":{"line":33,"column":6}},"16":{"start":{"line":37,"column":17},"end":{"line":37,"column":40}},"17":{"start":{"line":38,"column":18},"end":{"line":38,"column":33}},"18":{"start":{"line":39,"column":4},"end":{"line":41,"column":5}},"19":{"start":{"line":40,"column":6},"end":{"line":40,"column":62}},"20":{"start":{"line":43,"column":4},"end":{"line":45,"column":5}},"21":{"start":{"line":44,"column":6},"end":{"line":44,"column":54}},"22":{"start":{"line":47,"column":4},"end":{"line":49,"column":6}},"23":{"start":{"line":53,"column":4},"end":{"line":55,"column":5}},"24":{"start":{"line":54,"column":6},"end":{"line":54,"column":44}},"25":{"start":{"line":57,"column":17},"end":{"line":57,"column":39}},"26":{"start":{"line":58,"column":4},"end":{"line":60,"column":6}},"27":{"start":{"line":59,"column":16},"end":{"line":59,"column":65}},"28":{"start":{"line":61,"column":4},"end":{"line":61,"column":31}},"29":{"start":{"line":62,"column":4},"end":{"line":62,"column":14}},"30":{"start":{"line":67,"column":2},"end":{"line":69,"column":3}},"31":{"start":{"line":68,"column":4},"end":{"line":68,"column":17}},"32":{"start":{"line":70,"column":2},"end":{"line":72,"column":3}},"33":{"start":{"line":71,"column":4},"end":{"line":71,"column":17}},"34":{"start":{"line":73,"column":2},"end":{"line":73,"column":14}},"35":{"start":{"line":77,"column":16},"end":{"line":77,"column":30}},"36":{"start":{"line":78,"column":2},"end":{"line":82,"column":3}},"37":{"start":{"line":79,"column":4},"end":{"line":81,"column":5}},"38":{"start":{"line":80,"column":6},"end":{"line":80,"column":18}},"39":{"start":{"line":83,"column":2},"end":{"line":83,"column":15}},"40":{"start":{"line":87,"column":21},"end":{"line":87,"column":26}},"41":{"start":{"line":88,"column":14},"end":{"line":88,"column":66}},"42":{"start":{"line":89,"column":2},"end":{"line":96,"column":3}},"43":{"start":{"line":91,"column":4},"end":{"line":95,"column":5}},"44":{"start":{"line":92,"column":6},"end":{"line":92,"column":67}},"45":{"start":{"line":94,"column":6},"end":{"line":94,"column":26}},"46":{"start":{"line":97,"column":2},"end":{"line":97,"column":15}},"47":{"start":{"line":101,"column":16},"end":{"line":101,"column":30}},"48":{"start":{"line":102,"column":2},"end":{"line":108,"column":3}},"49":{"start":{"line":103,"column":4},"end":{"line":107,"column":5}},"50":{"start":{"line":104,"column":6},"end":{"line":106,"column":7}},"51":{"start":{"line":105,"column":8},"end":{"line":105,"column":20}},"52":{"start":{"line":109,"column":2},"end":{"line":109,"column":15}},"53":{"start":{"line":113,"column":16},"end":{"line":113,"column":30}},"54":{"start":{"line":114,"column":2},"end":{"line":120,"column":3}},"55":{"start":{"line":115,"column":4},"end":{"line":119,"column":5}},"56":{"start":{"line":116,"column":6},"end":{"line":118,"column":7}},"57":{"start":{"line":117,"column":8},"end":{"line":117,"column":20}},"58":{"start":{"line":121,"column":2},"end":{"line":121,"column":52}},"59":{"start":{"line":125,"column":16},"end":{"line":125,"column":30}},"60":{"start":{"line":126,"column":2},"end":{"line":130,"column":3}},"61":{"start":{"line":127,"column":4},"end":{"line":129,"column":5}},"62":{"start":{"line":128,"column":6},"end":{"line":128,"column":21}},"63":{"start":{"line":131,"column":2},"end":{"line":131,"column":21}},"64":{"start":{"line":134,"column":0},"end":{"line":134,"column":22}}},"fnMap":{"0":{"name":"(anonymous_0)","decl":{"start":{"line":8,"column":2},"end":{"line":8,"column":3}},"loc":{"start":{"line":8,"column":28},"end":{"line":34,"column":3}},"line":8},"1":{"name":"(anonymous_1)","decl":{"start":{"line":36,"column":2},"end":{"line":36,"column":3}},"loc":{"start":{"line":36,"column":25},"end":{"line":50,"column":3}},"line":36},"2":{"name":"(anonymous_2)","decl":{"start":{"line":52,"column":2},"end":{"line":52,"column":3}},"loc":{"start":{"line":52,"column":16},"end":{"line":63,"column":3}},"line":52},"3":{"name":"(anonymous_3)","decl":{"start":{"line":59,"column":6},"end":{"line":59,"column":7}},"loc":{"start":{"line":59,"column":16},"end":{"line":59,"column":65}},"line":59},"4":{"name":"checkValidEmail","decl":{"start":{"line":66,"column":9},"end":{"line":66,"column":24}},"loc":{"start":{"line":66,"column":33},"end":{"line":74,"column":1}},"line":66},"5":{"name":"checkEmailExists","decl":{"start":{"line":76,"column":9},"end":{"line":76,"column":25}},"loc":{"start":{"line":76,"column":33},"end":{"line":84,"column":1}},"line":76},"6":{"name":"generateToken","decl":{"start":{"line":86,"column":9},"end":{"line":86,"column":22}},"loc":{"start":{"line":86,"column":26},"end":{"line":98,"column":1}},"line":86},"7":{"name":"checkValidToken","decl":{"start":{"line":100,"column":9},"end":{"line":100,"column":24}},"loc":{"start":{"line":100,"column":32},"end":{"line":110,"column":1}},"line":100},"8":{"name":"returnValidUser","decl":{"start":{"line":112,"column":9},"end":{"line":112,"column":24}},"loc":{"start":{"line":112,"column":32},"end":{"line":122,"column":1}},"line":112},"9":{"name":"updateUser","decl":{"start":{"line":124,"column":9},"end":{"line":124,"column":19}},"loc":{"start":{"line":124,"column":34},"end":{"line":132,"column":1}},"line":124}},"branchMap":{"0":{"loc":{"start":{"line":9,"column":4},"end":{"line":11,"column":5}},"type":"if","locations":[{"start":{"line":9,"column":4},"end":{"line":11,"column":5}},{"start":{},"end":{}}],"line":9},"1":{"loc":{"start":{"line":12,"column":4},"end":{"line":14,"column":5}},"type":"if","locations":[{"start":{"line":12,"column":4},"end":{"line":14,"column":5}},{"start":{},"end":{}}],"line":12},"2":{"loc":{"start":{"line":39,"column":4},"end":{"line":41,"column":5}},"type":"if","locations":[{"start":{"line":39,"column":4},"end":{"line":41,"column":5}},{"start":{},"end":{}}],"line":39},"3":{"loc":{"start":{"line":43,"column":4},"end":{"line":45,"column":5}},"type":"if","locations":[{"start":{"line":43,"column":4},"end":{"line":45,"column":5}},{"start":{},"end":{}}],"line":43},"4":{"loc":{"start":{"line":53,"column":4},"end":{"line":55,"column":5}},"type":"if","locations":[{"start":{"line":53,"column":4},"end":{"line":55,"column":5}},{"start":{},"end":{}}],"line":53},"5":{"loc":{"start":{"line":67,"column":2},"end":{"line":69,"column":3}},"type":"if","locations":[{"start":{"line":67,"column":2},"end":{"line":69,"column":3}},{"start":{},"end":{}}],"line":67},"6":{"loc":{"start":{"line":70,"column":2},"end":{"line":72,"column":3}},"type":"if","locations":[{"start":{"line":70,"column":2},"end":{"line":72,"column":3}},{"start":{},"end":{}}],"line":70},"7":{"loc":{"start":{"line":79,"column":4},"end":{"line":81,"column":5}},"type":"if","locations":[{"start":{"line":79,"column":4},"end":{"line":81,"column":5}},{"start":{},"end":{}}],"line":79},"8":{"loc":{"start":{"line":91,"column":4},"end":{"line":95,"column":5}},"type":"if","locations":[{"start":{"line":91,"column":4},"end":{"line":95,"column":5}},{"start":{"line":93,"column":11},"end":{"line":95,"column":5}}],"line":91},"9":{"loc":{"start":{"line":104,"column":6},"end":{"line":106,"column":7}},"type":"if","locations":[{"start":{"line":104,"column":6},"end":{"line":106,"column":7}},{"start":{},"end":{}}],"line":104},"10":{"loc":{"start":{"line":116,"column":6},"end":{"line":118,"column":7}},"type":"if","locations":[{"start":{"line":116,"column":6},"end":{"line":118,"column":7}},{"start":{},"end":{}}],"line":116},"11":{"loc":{"start":{"line":127,"column":4},"end":{"line":129,"column":5}},"type":"if","locations":[{"start":{"line":127,"column":4},"end":{"line":129,"column":5}},{"start":{},"end":{}}],"line":127}},"s":{"0":2,"1":2,"2":2,"3":2,"4":2,"5":8,"6":1,"7":7,"8":2,"9":5,"10":5,"11":5,"12":5,"13":5,"14":5,"15":5,"16":4,"17":4,"18":4,"19":2,"20":2,"21":1,"22":1,"23":1,"24":1,"25":0,"26":0,"27":0,"28":0,"29":0,"30":7,"31":1,"32":6,"33":1,"34":5,"35":10,"36":10,"37":3,"38":3,"39":7,"40":9,"41":9,"42":9,"43":9,"44":0,"45":9,"46":9,"47":10,"48":10,"49":2,"50":2,"51":0,"52":10,"53":0,"54":0,"55":0,"56":0,"57":0,"58":0,"59":0,"60":0,"61":0,"62":0,"63":0,"64":2},"f":{"0":8,"1":4,"2":1,"3":0,"4":7,"5":10,"6":9,"7":10,"8":0,"9":0},"b":{"0":[1,7],"1":[2,5],"2":[2,2],"3":[1,1],"4":[1,0],"5":[1,6],"6":[1,5],"7":[3,0],"8":[0,9],"9":[0,2],"10":[0,0],"11":[0,0]},"_coverageSchema":"1a1c01bbd47fc00a2c39e90264f33305004495a9","hash":"0ecb922d70947281afb35d53d564a778c16e9de1"}
,"/import/kamen/3/z5359445/SENG2021/invoice-seng2021-24t1-seng2021-24t1-w11a_sherlock/generate.js": {"path":"/import/kamen/3/z5359445/SENG2021/invoice-seng2021-24t1-seng2021-24t1-w11a_sherlock/generate.js","statementMap":{"0":{"start":{"line":1,"column":18},"end":{"line":1,"column":34}},"1":{"start":{"line":3,"column":17},"end":{"line":197,"column":1}},"2":{"start":{"line":6,"column":14},"end":{"line":6,"column":25}},"3":{"start":{"line":8,"column":4},"end":{"line":192,"column":5}},"4":{"start":{"line":9,"column":6},"end":{"line":9,"column":37}},"5":{"start":{"line":12,"column":17},"end":{"line":12,"column":19}},"6":{"start":{"line":13,"column":17},"end":{"line":13,"column":19}},"7":{"start":{"line":15,"column":6},"end":{"line":15,"column":52}},"8":{"start":{"line":17,"column":6},"end":{"line":191,"column":7}},"9":{"start":{"line":18,"column":8},"end":{"line":190,"column":9}},"10":{"start":{"line":19,"column":22},"end":{"line":19,"column":35}},"11":{"start":{"line":20,"column":26},"end":{"line":20,"column":31}},"12":{"start":{"line":21,"column":10},"end":{"line":21,"column":47}},"13":{"start":{"line":21,"column":38},"end":{"line":21,"column":47}},"14":{"start":{"line":22,"column":10},"end":{"line":189,"column":11}},"15":{"start":{"line":24,"column":14},"end":{"line":24,"column":33}},"16":{"start":{"line":25,"column":14},"end":{"line":25,"column":46}},"17":{"start":{"line":26,"column":14},"end":{"line":26,"column":46}},"18":{"start":{"line":27,"column":14},"end":{"line":27,"column":24}},"19":{"start":{"line":28,"column":14},"end":{"line":28,"column":20}},"20":{"start":{"line":30,"column":14},"end":{"line":30,"column":33}},"21":{"start":{"line":31,"column":14},"end":{"line":31,"column":46}},"22":{"start":{"line":32,"column":14},"end":{"line":32,"column":24}},"23":{"start":{"line":33,"column":14},"end":{"line":33,"column":20}},"24":{"start":{"line":35,"column":14},"end":{"line":35,"column":33}},"25":{"start":{"line":36,"column":14},"end":{"line":36,"column":46}},"26":{"start":{"line":37,"column":14},"end":{"line":37,"column":24}},"27":{"start":{"line":38,"column":14},"end":{"line":38,"column":20}},"28":{"start":{"line":40,"column":14},"end":{"line":40,"column":33}},"29":{"start":{"line":41,"column":14},"end":{"line":41,"column":46}},"30":{"start":{"line":42,"column":14},"end":{"line":42,"column":24}},"31":{"start":{"line":43,"column":14},"end":{"line":43,"column":20}},"32":{"start":{"line":45,"column":14},"end":{"line":45,"column":33}},"33":{"start":{"line":46,"column":14},"end":{"line":46,"column":46}},"34":{"start":{"line":47,"column":14},"end":{"line":47,"column":24}},"35":{"start":{"line":48,"column":14},"end":{"line":48,"column":20}},"36":{"start":{"line":50,"column":14},"end":{"line":50,"column":33}},"37":{"start":{"line":51,"column":14},"end":{"line":51,"column":46}},"38":{"start":{"line":52,"column":14},"end":{"line":52,"column":25}},"39":{"start":{"line":54,"column":14},"end":{"line":54,"column":34}},"40":{"start":{"line":55,"column":14},"end":{"line":55,"column":45}},"41":{"start":{"line":56,"column":14},"end":{"line":56,"column":46}},"42":{"start":{"line":57,"column":14},"end":{"line":57,"column":25}},"43":{"start":{"line":59,"column":14},"end":{"line":59,"column":34}},"44":{"start":{"line":60,"column":14},"end":{"line":60,"column":47}},"45":{"start":{"line":61,"column":14},"end":{"line":61,"column":44}},"46":{"start":{"line":62,"column":14},"end":{"line":62,"column":24}},"47":{"start":{"line":63,"column":14},"end":{"line":63,"column":20}},"48":{"start":{"line":65,"column":14},"end":{"line":65,"column":33}},"49":{"start":{"line":66,"column":14},"end":{"line":66,"column":46}},"50":{"start":{"line":67,"column":14},"end":{"line":67,"column":46}},"51":{"start":{"line":68,"column":14},"end":{"line":68,"column":24}},"52":{"start":{"line":69,"column":14},"end":{"line":69,"column":20}},"53":{"start":{"line":71,"column":14},"end":{"line":71,"column":33}},"54":{"start":{"line":72,"column":14},"end":{"line":72,"column":46}},"55":{"start":{"line":73,"column":14},"end":{"line":73,"column":24}},"56":{"start":{"line":74,"column":14},"end":{"line":74,"column":20}},"57":{"start":{"line":76,"column":14},"end":{"line":76,"column":33}},"58":{"start":{"line":77,"column":14},"end":{"line":77,"column":46}},"59":{"start":{"line":78,"column":14},"end":{"line":78,"column":24}},"60":{"start":{"line":79,"column":14},"end":{"line":79,"column":20}},"61":{"start":{"line":81,"column":14},"end":{"line":81,"column":33}},"62":{"start":{"line":82,"column":14},"end":{"line":82,"column":46}},"63":{"start":{"line":83,"column":14},"end":{"line":83,"column":24}},"64":{"start":{"line":84,"column":14},"end":{"line":84,"column":20}},"65":{"start":{"line":86,"column":14},"end":{"line":86,"column":33}},"66":{"start":{"line":87,"column":14},"end":{"line":87,"column":46}},"67":{"start":{"line":88,"column":14},"end":{"line":88,"column":24}},"68":{"start":{"line":89,"column":14},"end":{"line":89,"column":20}},"69":{"start":{"line":91,"column":14},"end":{"line":91,"column":33}},"70":{"start":{"line":92,"column":14},"end":{"line":92,"column":46}},"71":{"start":{"line":93,"column":14},"end":{"line":93,"column":24}},"72":{"start":{"line":94,"column":14},"end":{"line":94,"column":20}},"73":{"start":{"line":96,"column":14},"end":{"line":96,"column":33}},"74":{"start":{"line":97,"column":14},"end":{"line":97,"column":55}},"75":{"start":{"line":98,"column":14},"end":{"line":98,"column":25}},"76":{"start":{"line":100,"column":14},"end":{"line":100,"column":45}},"77":{"start":{"line":101,"column":14},"end":{"line":101,"column":51}},"78":{"start":{"line":102,"column":14},"end":{"line":102,"column":25}},"79":{"start":{"line":103,"column":14},"end":{"line":103,"column":53}},"80":{"start":{"line":104,"column":14},"end":{"line":104,"column":25}},"81":{"start":{"line":105,"column":14},"end":{"line":105,"column":47}},"82":{"start":{"line":106,"column":14},"end":{"line":106,"column":24}},"83":{"start":{"line":107,"column":14},"end":{"line":107,"column":20}},"84":{"start":{"line":109,"column":14},"end":{"line":109,"column":33}},"85":{"start":{"line":110,"column":14},"end":{"line":110,"column":139}},"86":{"start":{"line":111,"column":14},"end":{"line":111,"column":25}},"87":{"start":{"line":112,"column":14},"end":{"line":112,"column":20}},"88":{"start":{"line":114,"column":14},"end":{"line":114,"column":46}},"89":{"start":{"line":115,"column":14},"end":{"line":115,"column":25}},"90":{"start":{"line":116,"column":14},"end":{"line":116,"column":25}},"91":{"start":{"line":117,"column":14},"end":{"line":117,"column":20}},"92":{"start":{"line":119,"column":14},"end":{"line":119,"column":45}},"93":{"start":{"line":120,"column":14},"end":{"line":120,"column":47}},"94":{"start":{"line":121,"column":14},"end":{"line":121,"column":25}},"95":{"start":{"line":122,"column":14},"end":{"line":122,"column":43}},"96":{"start":{"line":123,"column":14},"end":{"line":123,"column":25}},"97":{"start":{"line":124,"column":14},"end":{"line":124,"column":46}},"98":{"start":{"line":125,"column":14},"end":{"line":125,"column":25}},"99":{"start":{"line":126,"column":14},"end":{"line":126,"column":50}},"100":{"start":{"line":127,"column":14},"end":{"line":127,"column":25}},"101":{"start":{"line":128,"column":14},"end":{"line":128,"column":44}},"102":{"start":{"line":129,"column":14},"end":{"line":129,"column":25}},"103":{"start":{"line":130,"column":14},"end":{"line":130,"column":45}},"104":{"start":{"line":131,"column":14},"end":{"line":131,"column":25}},"105":{"start":{"line":132,"column":14},"end":{"line":132,"column":43}},"106":{"start":{"line":133,"column":14},"end":{"line":133,"column":25}},"107":{"start":{"line":134,"column":14},"end":{"line":134,"column":47}},"108":{"start":{"line":136,"column":14},"end":{"line":172,"column":15}},"109":{"start":{"line":137,"column":16},"end":{"line":137,"column":27}},"110":{"start":{"line":139,"column":16},"end":{"line":171,"column":17}},"111":{"start":{"line":140,"column":18},"end":{"line":170,"column":19}},"112":{"start":{"line":144,"column":37},"end":{"line":144,"column":64}},"113":{"start":{"line":145,"column":41},"end":{"line":145,"column":51}},"114":{"start":{"line":147,"column":20},"end":{"line":169,"column":21}},"115":{"start":{"line":149,"column":24},"end":{"line":149,"column":34}},"116":{"start":{"line":150,"column":24},"end":{"line":150,"column":61}},"117":{"start":{"line":151,"column":24},"end":{"line":151,"column":36}},"118":{"start":{"line":152,"column":24},"end":{"line":152,"column":30}},"119":{"start":{"line":154,"column":24},"end":{"line":154,"column":61}},"120":{"start":{"line":155,"column":24},"end":{"line":155,"column":35}},"121":{"start":{"line":156,"column":24},"end":{"line":156,"column":30}},"122":{"start":{"line":158,"column":24},"end":{"line":158,"column":61}},"123":{"start":{"line":159,"column":24},"end":{"line":159,"column":35}},"124":{"start":{"line":160,"column":24},"end":{"line":160,"column":30}},"125":{"start":{"line":162,"column":24},"end":{"line":162,"column":67}},"126":{"start":{"line":163,"column":24},"end":{"line":163,"column":35}},"127":{"start":{"line":164,"column":24},"end":{"line":164,"column":30}},"128":{"start":{"line":166,"column":24},"end":{"line":166,"column":67}},"129":{"start":{"line":167,"column":24},"end":{"line":167,"column":35}},"130":{"start":{"line":168,"column":24},"end":{"line":168,"column":30}},"131":{"start":{"line":173,"column":14},"end":{"line":173,"column":20}},"132":{"start":{"line":175,"column":14},"end":{"line":175,"column":48}},"133":{"start":{"line":175,"column":42},"end":{"line":175,"column":48}},"134":{"start":{"line":176,"column":14},"end":{"line":176,"column":25}},"135":{"start":{"line":177,"column":14},"end":{"line":177,"column":25}},"136":{"start":{"line":178,"column":14},"end":{"line":178,"column":45}},"137":{"start":{"line":179,"column":14},"end":{"line":179,"column":34}},"138":{"start":{"line":180,"column":14},"end":{"line":180,"column":45}},"139":{"start":{"line":181,"column":14},"end":{"line":181,"column":25}},"140":{"start":{"line":182,"column":14},"end":{"line":182,"column":52}},"141":{"start":{"line":183,"column":14},"end":{"line":183,"column":24}},"142":{"start":{"line":184,"column":14},"end":{"line":184,"column":25}},"143":{"start":{"line":185,"column":14},"end":{"line":185,"column":54}},"144":{"start":{"line":186,"column":14},"end":{"line":186,"column":25}},"145":{"start":{"line":187,"column":14},"end":{"line":187,"column":52}},"146":{"start":{"line":188,"column":14},"end":{"line":188,"column":20}},"147":{"start":{"line":195,"column":4},"end":{"line":195,"column":28}},"148":{"start":{"line":199,"column":18},"end":{"line":388,"column":1}},"149":{"start":{"line":200,"column":13},"end":{"line":200,"column":15}},"150":{"start":{"line":201,"column":13},"end":{"line":201,"column":15}},"151":{"start":{"line":203,"column":15},"end":{"line":203,"column":17}},"152":{"start":{"line":204,"column":15},"end":{"line":204,"column":18}},"153":{"start":{"line":206,"column":2},"end":{"line":206,"column":22}},"154":{"start":{"line":207,"column":2},"end":{"line":207,"column":27}},"155":{"start":{"line":208,"column":2},"end":{"line":208,"column":30}},"156":{"start":{"line":211,"column":2},"end":{"line":386,"column":3}},"157":{"start":{"line":212,"column":4},"end":{"line":385,"column":5}},"158":{"start":{"line":213,"column":18},"end":{"line":213,"column":31}},"159":{"start":{"line":214,"column":22},"end":{"line":214,"column":27}},"160":{"start":{"line":216,"column":6},"end":{"line":216,"column":43}},"161":{"start":{"line":216,"column":34},"end":{"line":216,"column":43}},"162":{"start":{"line":218,"column":6},"end":{"line":384,"column":7}},"163":{"start":{"line":220,"column":10},"end":{"line":220,"column":30}},"164":{"start":{"line":221,"column":10},"end":{"line":221,"column":42}},"165":{"start":{"line":222,"column":10},"end":{"line":222,"column":55}},"166":{"start":{"line":223,"column":10},"end":{"line":223,"column":22}},"167":{"start":{"line":224,"column":10},"end":{"line":224,"column":16}},"168":{"start":{"line":226,"column":10},"end":{"line":226,"column":30}},"169":{"start":{"line":227,"column":10},"end":{"line":227,"column":55}},"170":{"start":{"line":228,"column":10},"end":{"line":228,"column":22}},"171":{"start":{"line":229,"column":10},"end":{"line":229,"column":16}},"172":{"start":{"line":231,"column":10},"end":{"line":231,"column":30}},"173":{"start":{"line":232,"column":10},"end":{"line":232,"column":55}},"174":{"start":{"line":233,"column":10},"end":{"line":233,"column":22}},"175":{"start":{"line":234,"column":10},"end":{"line":234,"column":16}},"176":{"start":{"line":236,"column":10},"end":{"line":236,"column":30}},"177":{"start":{"line":237,"column":10},"end":{"line":237,"column":55}},"178":{"start":{"line":238,"column":10},"end":{"line":238,"column":22}},"179":{"start":{"line":239,"column":10},"end":{"line":239,"column":16}},"180":{"start":{"line":241,"column":10},"end":{"line":241,"column":30}},"181":{"start":{"line":242,"column":10},"end":{"line":242,"column":55}},"182":{"start":{"line":243,"column":10},"end":{"line":243,"column":22}},"183":{"start":{"line":244,"column":10},"end":{"line":244,"column":16}},"184":{"start":{"line":246,"column":10},"end":{"line":246,"column":30}},"185":{"start":{"line":247,"column":10},"end":{"line":247,"column":55}},"186":{"start":{"line":248,"column":10},"end":{"line":248,"column":22}},"187":{"start":{"line":249,"column":10},"end":{"line":249,"column":44}},"188":{"start":{"line":250,"column":10},"end":{"line":250,"column":22}},"189":{"start":{"line":251,"column":10},"end":{"line":251,"column":24}},"190":{"start":{"line":252,"column":10},"end":{"line":252,"column":16}},"191":{"start":{"line":254,"column":10},"end":{"line":254,"column":43}},"192":{"start":{"line":255,"column":10},"end":{"line":255,"column":57}},"193":{"start":{"line":256,"column":10},"end":{"line":256,"column":22}},"194":{"start":{"line":257,"column":10},"end":{"line":257,"column":30}},"195":{"start":{"line":258,"column":10},"end":{"line":258,"column":45}},"196":{"start":{"line":259,"column":10},"end":{"line":259,"column":55}},"197":{"start":{"line":260,"column":10},"end":{"line":260,"column":22}},"198":{"start":{"line":261,"column":10},"end":{"line":261,"column":16}},"199":{"start":{"line":263,"column":10},"end":{"line":263,"column":43}},"200":{"start":{"line":264,"column":10},"end":{"line":264,"column":52}},"201":{"start":{"line":265,"column":10},"end":{"line":265,"column":22}},"202":{"start":{"line":266,"column":10},"end":{"line":266,"column":30}},"203":{"start":{"line":267,"column":10},"end":{"line":267,"column":45}},"204":{"start":{"line":268,"column":10},"end":{"line":274,"column":21}},"205":{"start":{"line":275,"column":10},"end":{"line":275,"column":22}},"206":{"start":{"line":276,"column":10},"end":{"line":276,"column":16}},"207":{"start":{"line":278,"column":10},"end":{"line":278,"column":30}},"208":{"start":{"line":279,"column":10},"end":{"line":279,"column":43}},"209":{"start":{"line":280,"column":10},"end":{"line":280,"column":43}},"210":{"start":{"line":281,"column":10},"end":{"line":281,"column":45}},"211":{"start":{"line":282,"column":10},"end":{"line":282,"column":20}},"212":{"start":{"line":283,"column":10},"end":{"line":283,"column":30}},"213":{"start":{"line":284,"column":10},"end":{"line":284,"column":42}},"214":{"start":{"line":285,"column":10},"end":{"line":285,"column":42}},"215":{"start":{"line":286,"column":10},"end":{"line":286,"column":20}},"216":{"start":{"line":287,"column":10},"end":{"line":287,"column":16}},"217":{"start":{"line":289,"column":10},"end":{"line":289,"column":30}},"218":{"start":{"line":290,"column":10},"end":{"line":290,"column":42}},"219":{"start":{"line":291,"column":10},"end":{"line":291,"column":20}},"220":{"start":{"line":292,"column":10},"end":{"line":292,"column":16}},"221":{"start":{"line":294,"column":10},"end":{"line":294,"column":30}},"222":{"start":{"line":295,"column":10},"end":{"line":295,"column":42}},"223":{"start":{"line":296,"column":10},"end":{"line":296,"column":20}},"224":{"start":{"line":297,"column":10},"end":{"line":297,"column":16}},"225":{"start":{"line":299,"column":10},"end":{"line":299,"column":30}},"226":{"start":{"line":300,"column":10},"end":{"line":300,"column":42}},"227":{"start":{"line":301,"column":10},"end":{"line":301,"column":20}},"228":{"start":{"line":302,"column":10},"end":{"line":302,"column":16}},"229":{"start":{"line":304,"column":10},"end":{"line":304,"column":30}},"230":{"start":{"line":305,"column":10},"end":{"line":305,"column":42}},"231":{"start":{"line":306,"column":10},"end":{"line":306,"column":20}},"232":{"start":{"line":307,"column":10},"end":{"line":307,"column":16}},"233":{"start":{"line":309,"column":10},"end":{"line":309,"column":30}},"234":{"start":{"line":310,"column":10},"end":{"line":310,"column":42}},"235":{"start":{"line":311,"column":10},"end":{"line":311,"column":20}},"236":{"start":{"line":312,"column":10},"end":{"line":312,"column":16}},"237":{"start":{"line":314,"column":10},"end":{"line":314,"column":30}},"238":{"start":{"line":315,"column":10},"end":{"line":315,"column":51}},"239":{"start":{"line":316,"column":10},"end":{"line":316,"column":20}},"240":{"start":{"line":317,"column":10},"end":{"line":317,"column":40}},"241":{"start":{"line":318,"column":10},"end":{"line":318,"column":20}},"242":{"start":{"line":319,"column":10},"end":{"line":319,"column":16}},"243":{"start":{"line":321,"column":10},"end":{"line":321,"column":43}},"244":{"start":{"line":322,"column":10},"end":{"line":322,"column":39}},"245":{"start":{"line":323,"column":10},"end":{"line":323,"column":21}},"246":{"start":{"line":324,"column":10},"end":{"line":324,"column":43}},"247":{"start":{"line":325,"column":10},"end":{"line":325,"column":21}},"248":{"start":{"line":326,"column":10},"end":{"line":326,"column":40}},"249":{"start":{"line":327,"column":10},"end":{"line":327,"column":21}},"250":{"start":{"line":328,"column":10},"end":{"line":328,"column":41}},"251":{"start":{"line":329,"column":10},"end":{"line":329,"column":21}},"252":{"start":{"line":330,"column":10},"end":{"line":330,"column":39}},"253":{"start":{"line":331,"column":10},"end":{"line":331,"column":20}},"254":{"start":{"line":332,"column":10},"end":{"line":332,"column":45}},"255":{"start":{"line":334,"column":10},"end":{"line":371,"column":11}},"256":{"start":{"line":335,"column":12},"end":{"line":335,"column":23}},"257":{"start":{"line":337,"column":12},"end":{"line":370,"column":13}},"258":{"start":{"line":338,"column":14},"end":{"line":369,"column":15}},"259":{"start":{"line":342,"column":33},"end":{"line":342,"column":60}},"260":{"start":{"line":343,"column":37},"end":{"line":343,"column":47}},"261":{"start":{"line":345,"column":16},"end":{"line":368,"column":17}},"262":{"start":{"line":347,"column":20},"end":{"line":347,"column":30}},"263":{"start":{"line":348,"column":20},"end":{"line":349,"column":62}},"264":{"start":{"line":350,"column":20},"end":{"line":350,"column":57}},"265":{"start":{"line":351,"column":20},"end":{"line":351,"column":31}},"266":{"start":{"line":352,"column":20},"end":{"line":352,"column":26}},"267":{"start":{"line":354,"column":20},"end":{"line":354,"column":57}},"268":{"start":{"line":355,"column":20},"end":{"line":355,"column":32}},"269":{"start":{"line":356,"column":20},"end":{"line":356,"column":26}},"270":{"start":{"line":358,"column":20},"end":{"line":358,"column":57}},"271":{"start":{"line":359,"column":20},"end":{"line":359,"column":32}},"272":{"start":{"line":360,"column":20},"end":{"line":360,"column":26}},"273":{"start":{"line":362,"column":20},"end":{"line":362,"column":63}},"274":{"start":{"line":363,"column":20},"end":{"line":363,"column":31}},"275":{"start":{"line":364,"column":20},"end":{"line":364,"column":26}},"276":{"start":{"line":366,"column":20},"end":{"line":366,"column":63}},"277":{"start":{"line":367,"column":20},"end":{"line":367,"column":26}},"278":{"start":{"line":372,"column":10},"end":{"line":372,"column":16}},"279":{"start":{"line":374,"column":10},"end":{"line":374,"column":30}},"280":{"start":{"line":375,"column":10},"end":{"line":375,"column":21}},"281":{"start":{"line":376,"column":10},"end":{"line":376,"column":40}},"282":{"start":{"line":377,"column":10},"end":{"line":377,"column":21}},"283":{"start":{"line":378,"column":10},"end":{"line":378,"column":51}},"284":{"start":{"line":379,"column":10},"end":{"line":379,"column":47}},"285":{"start":{"line":380,"column":10},"end":{"line":380,"column":20}},"286":{"start":{"line":381,"column":10},"end":{"line":381,"column":59}},"287":{"start":{"line":382,"column":10},"end":{"line":382,"column":46}},"288":{"start":{"line":383,"column":10},"end":{"line":383,"column":16}},"289":{"start":{"line":387,"column":2},"end":{"line":387,"column":12}},"290":{"start":{"line":391,"column":2},"end":{"line":391,"column":24}},"291":{"start":{"line":392,"column":2},"end":{"line":392,"column":23}},"292":{"start":{"line":393,"column":2},"end":{"line":393,"column":19}},"293":{"start":{"line":396,"column":0},"end":{"line":396,"column":26}}},"fnMap":{"0":{"name":"(anonymous_0)","decl":{"start":{"line":4,"column":2},"end":{"line":4,"column":3}},"loc":{"start":{"line":4,"column":33},"end":{"line":196,"column":3}},"line":4},"1":{"name":"(anonymous_1)","decl":{"start":{"line":199,"column":18},"end":{"line":199,"column":19}},"loc":{"start":{"line":199,"column":37},"end":{"line":388,"column":1}},"line":199},"2":{"name":"addText","decl":{"start":{"line":390,"column":9},"end":{"line":390,"column":16}},"loc":{"start":{"line":390,"column":48},"end":{"line":394,"column":1}},"line":390}},"branchMap":{"0":{"loc":{"start":{"line":4,"column":19},"end":{"line":4,"column":31}},"type":"default-arg","locations":[{"start":{"line":4,"column":30},"end":{"line":4,"column":31}}],"line":4},"1":{"loc":{"start":{"line":8,"column":4},"end":{"line":192,"column":5}},"type":"if","locations":[{"start":{"line":8,"column":4},"end":{"line":192,"column":5}},{"start":{"line":10,"column":11},"end":{"line":192,"column":5}}],"line":8},"2":{"loc":{"start":{"line":18,"column":8},"end":{"line":190,"column":9}},"type":"if","locations":[{"start":{"line":18,"column":8},"end":{"line":190,"column":9}},{"start":{},"end":{}}],"line":18},"3":{"loc":{"start":{"line":21,"column":10},"end":{"line":21,"column":47}},"type":"if","locations":[{"start":{"line":21,"column":10},"end":{"line":21,"column":47}},{"start":{},"end":{}}],"line":21},"4":{"loc":{"start":{"line":22,"column":10},"end":{"line":189,"column":11}},"type":"switch","locations":[{"start":{"line":23,"column":12},"end":{"line":28,"column":20}},{"start":{"line":29,"column":12},"end":{"line":33,"column":20}},{"start":{"line":34,"column":12},"end":{"line":38,"column":20}},{"start":{"line":39,"column":12},"end":{"line":43,"column":20}},{"start":{"line":44,"column":12},"end":{"line":48,"column":20}},{"start":{"line":49,"column":12},"end":{"line":63,"column":20}},{"start":{"line":64,"column":12},"end":{"line":69,"column":20}},{"start":{"line":70,"column":12},"end":{"line":74,"column":20}},{"start":{"line":75,"column":12},"end":{"line":79,"column":20}},{"start":{"line":80,"column":12},"end":{"line":84,"column":20}},{"start":{"line":85,"column":12},"end":{"line":89,"column":20}},{"start":{"line":90,"column":12},"end":{"line":94,"column":20}},{"start":{"line":95,"column":12},"end":{"line":107,"column":20}},{"start":{"line":108,"column":12},"end":{"line":112,"column":20}},{"start":{"line":113,"column":12},"end":{"line":117,"column":20}},{"start":{"line":118,"column":12},"end":{"line":173,"column":20}},{"start":{"line":174,"column":12},"end":{"line":188,"column":20}}],"line":22},"5":{"loc":{"start":{"line":140,"column":18},"end":{"line":170,"column":19}},"type":"if","locations":[{"start":{"line":140,"column":18},"end":{"line":170,"column":19}},{"start":{},"end":{}}],"line":140},"6":{"loc":{"start":{"line":147,"column":20},"end":{"line":169,"column":21}},"type":"switch","locations":[{"start":{"line":148,"column":22},"end":{"line":152,"column":30}},{"start":{"line":153,"column":22},"end":{"line":156,"column":30}},{"start":{"line":157,"column":22},"end":{"line":160,"column":30}},{"start":{"line":161,"column":22},"end":{"line":164,"column":30}},{"start":{"line":165,"column":22},"end":{"line":168,"column":30}}],"line":147},"7":{"loc":{"start":{"line":175,"column":14},"end":{"line":175,"column":48}},"type":"if","locations":[{"start":{"line":175,"column":14},"end":{"line":175,"column":48}},{"start":{},"end":{}}],"line":175},"8":{"loc":{"start":{"line":212,"column":4},"end":{"line":385,"column":5}},"type":"if","locations":[{"start":{"line":212,"column":4},"end":{"line":385,"column":5}},{"start":{},"end":{}}],"line":212},"9":{"loc":{"start":{"line":216,"column":6},"end":{"line":216,"column":43}},"type":"if","locations":[{"start":{"line":216,"column":6},"end":{"line":216,"column":43}},{"start":{},"end":{}}],"line":216},"10":{"loc":{"start":{"line":218,"column":6},"end":{"line":384,"column":7}},"type":"switch","locations":[{"start":{"line":219,"column":8},"end":{"line":224,"column":16}},{"start":{"line":225,"column":8},"end":{"line":229,"column":16}},{"start":{"line":230,"column":8},"end":{"line":234,"column":16}},{"start":{"line":235,"column":8},"end":{"line":239,"column":16}},{"start":{"line":240,"column":8},"end":{"line":244,"column":16}},{"start":{"line":245,"column":8},"end":{"line":252,"column":16}},{"start":{"line":253,"column":8},"end":{"line":261,"column":16}},{"start":{"line":262,"column":8},"end":{"line":276,"column":16}},{"start":{"line":277,"column":8},"end":{"line":287,"column":16}},{"start":{"line":288,"column":8},"end":{"line":292,"column":16}},{"start":{"line":293,"column":8},"end":{"line":297,"column":16}},{"start":{"line":298,"column":8},"end":{"line":302,"column":16}},{"start":{"line":303,"column":8},"end":{"line":307,"column":16}},{"start":{"line":308,"column":8},"end":{"line":312,"column":16}},{"start":{"line":313,"column":8},"end":{"line":319,"column":16}},{"start":{"line":320,"column":8},"end":{"line":372,"column":16}},{"start":{"line":373,"column":8},"end":{"line":383,"column":16}}],"line":218},"11":{"loc":{"start":{"line":338,"column":14},"end":{"line":369,"column":15}},"type":"if","locations":[{"start":{"line":338,"column":14},"end":{"line":369,"column":15}},{"start":{},"end":{}}],"line":338},"12":{"loc":{"start":{"line":345,"column":16},"end":{"line":368,"column":17}},"type":"switch","locations":[{"start":{"line":346,"column":18},"end":{"line":352,"column":26}},{"start":{"line":353,"column":18},"end":{"line":356,"column":26}},{"start":{"line":357,"column":18},"end":{"line":360,"column":26}},{"start":{"line":361,"column":18},"end":{"line":364,"column":26}},{"start":{"line":365,"column":18},"end":{"line":367,"column":26}}],"line":345}},"s":{"0":3,"1":3,"2":16,"3":16,"4":8,"5":8,"6":8,"7":8,"8":8,"9":106,"10":106,"11":106,"12":106,"13":6,"14":100,"15":6,"16":6,"17":6,"18":6,"19":6,"20":6,"21":6,"22":6,"23":6,"24":6,"25":6,"26":6,"27":6,"28":6,"29":6,"30":6,"31":6,"32":6,"33":6,"34":6,"35":6,"36":6,"37":6,"38":6,"39":6,"40":6,"41":6,"42":6,"43":6,"44":6,"45":6,"46":6,"47":6,"48":6,"49":6,"50":6,"51":6,"52":6,"53":6,"54":6,"55":6,"56":6,"57":2,"58":2,"59":2,"60":2,"61":6,"62":6,"63":6,"64":6,"65":6,"66":6,"67":6,"68":6,"69":6,"70":6,"71":6,"72":6,"73":6,"74":6,"75":6,"76":6,"77":6,"78":6,"79":6,"80":6,"81":6,"82":6,"83":6,"84":6,"85":6,"86":6,"87":6,"88":6,"89":6,"90":6,"91":6,"92":6,"93":6,"94":6,"95":6,"96":6,"97":6,"98":6,"99":6,"100":6,"101":6,"102":6,"103":6,"104":6,"105":6,"106":6,"107":6,"108":6,"109":10,"110":10,"111":60,"112":60,"113":60,"114":60,"115":10,"116":10,"117":10,"118":10,"119":10,"120":10,"121":10,"122":10,"123":10,"124":10,"125":10,"126":10,"127":10,"128":10,"129":10,"130":10,"131":6,"132":6,"133":0,"134":6,"135":6,"136":6,"137":6,"138":6,"139":6,"140":6,"141":6,"142":6,"143":6,"144":6,"145":6,"146":6,"147":16,"148":3,"149":8,"150":8,"151":8,"152":8,"153":8,"154":8,"155":8,"156":8,"157":106,"158":106,"159":106,"160":106,"161":6,"162":100,"163":6,"164":6,"165":6,"166":6,"167":6,"168":6,"169":6,"170":6,"171":6,"172":6,"173":6,"174":6,"175":6,"176":6,"177":6,"178":6,"179":6,"180":6,"181":6,"182":6,"183":6,"184":6,"185":6,"186":6,"187":6,"188":6,"189":6,"190":6,"191":6,"192":6,"193":6,"194":6,"195":6,"196":6,"197":6,"198":6,"199":6,"200":6,"201":6,"202":6,"203":6,"204":6,"205":6,"206":6,"207":6,"208":6,"209":6,"210":6,"211":6,"212":6,"213":6,"214":6,"215":6,"216":6,"217":6,"218":6,"219":6,"220":6,"221":2,"222":2,"223":2,"224":2,"225":6,"226":6,"227":6,"228":6,"229":6,"230":6,"231":6,"232":6,"233":6,"234":6,"235":6,"236":6,"237":6,"238":6,"239":6,"240":6,"241":6,"242":6,"243":6,"244":6,"245":6,"246":6,"247":6,"248":6,"249":6,"250":6,"251":6,"252":6,"253":6,"254":6,"255":6,"256":10,"257":10,"258":60,"259":60,"260":60,"261":60,"262":10,"263":10,"264":10,"265":10,"266":10,"267":10,"268":10,"269":10,"270":10,"271":10,"272":10,"273":10,"274":10,"275":10,"276":10,"277":10,"278":6,"279":6,"280":6,"281":6,"282":6,"283":6,"284":6,"285":6,"286":6,"287":6,"288":6,"289":8,"290":8,"291":8,"292":8,"293":3},"f":{"0":16,"1":8,"2":8},"b":{"0":[6],"1":[8,8],"2":[106,0],"3":[6,100],"4":[6,6,6,6,6,6,6,6,2,6,6,6,6,6,6,6,6],"5":[60,0],"6":[10,10,10,10,10],"7":[0,6],"8":[106,0],"9":[6,100],"10":[6,6,6,6,6,6,6,6,6,6,2,6,6,6,6,6,6],"11":[60,0],"12":[10,10,10,10,10]},"_coverageSchema":"1a1c01bbd47fc00a2c39e90264f33305004495a9","hash":"7a2adda2ae103e44efbc3a5e9b5d2ebb1211f4ed"}
,"/import/kamen/3/z5359445/SENG2021/invoice-seng2021-24t1-seng2021-24t1-w11a_sherlock/helper.js": {"path":"/import/kamen/3/z5359445/SENG2021/invoice-seng2021-24t1-seng2021-24t1-w11a_sherlock/helper.js","statementMap":{"0":{"start":{"line":1,"column":15},"end":{"line":1,"column":32}},"1":{"start":{"line":2,"column":11},"end":{"line":2,"column":24}},"2":{"start":{"line":3,"column":17},"end":{"line":3,"column":38}},"3":{"start":{"line":5,"column":15},"end":{"line":5,"column":24}},"4":{"start":{"line":6,"column":16},"end":{"line":6,"column":23}},"5":{"start":{"line":9,"column":2},"end":{"line":9,"column":69}},"6":{"start":{"line":13,"column":2},"end":{"line":15,"column":3}},"7":{"start":{"line":14,"column":4},"end":{"line":14,"column":31}},"8":{"start":{"line":19,"column":2},"end":{"line":19,"column":23}},"9":{"start":{"line":20,"column":2},"end":{"line":20,"column":12}},"10":{"start":{"line":23,"column":0},"end":{"line":23,"column":68}}},"fnMap":{"0":{"name":"getHashOf","decl":{"start":{"line":8,"column":9},"end":{"line":8,"column":18}},"loc":{"start":{"line":8,"column":30},"end":{"line":10,"column":1}},"line":8},"1":{"name":"removeFile","decl":{"start":{"line":12,"column":9},"end":{"line":12,"column":19}},"loc":{"start":{"line":12,"column":22},"end":{"line":16,"column":1}},"line":12},"2":{"name":"clear","decl":{"start":{"line":18,"column":9},"end":{"line":18,"column":14}},"loc":{"start":{"line":18,"column":17},"end":{"line":21,"column":1}},"line":18}},"branchMap":{"0":{"loc":{"start":{"line":13,"column":2},"end":{"line":15,"column":3}},"type":"if","locations":[{"start":{"line":13,"column":2},"end":{"line":15,"column":3}},{"start":{},"end":{}}],"line":13}},"s":{"0":2,"1":2,"2":2,"3":2,"4":2,"5":15,"6":20,"7":11,"8":19,"9":19,"10":2},"f":{"0":15,"1":20,"2":19},"b":{"0":[11,9]},"_coverageSchema":"1a1c01bbd47fc00a2c39e90264f33305004495a9","hash":"e18ee551f16f1746bf13bf4200011327ed7b73e4"}
,"/import/kamen/3/z5359445/SENG2021/invoice-seng2021-24t1-seng2021-24t1-w11a_sherlock/main.js": {"path":"/import/kamen/3/z5359445/SENG2021/invoice-seng2021-24t1-seng2021-24t1-w11a_sherlock/main.js","statementMap":{"0":{"start":{"line":1,"column":15},"end":{"line":1,"column":34}},"1":{"start":{"line":2,"column":17},"end":{"line":2,"column":38}},"2":{"start":{"line":5,"column":2},"end":{"line":10,"column":3}},"3":{"start":{"line":6,"column":14},"end":{"line":6,"column":39}},"4":{"start":{"line":7,"column":4},"end":{"line":7,"column":45}},"5":{"start":{"line":9,"column":4},"end":{"line":9,"column":25}},"6":{"start":{"line":13,"column":0},"end":{"line":13,"column":22}}},"fnMap":{"0":{"name":"main","decl":{"start":{"line":4,"column":15},"end":{"line":4,"column":19}},"loc":{"start":{"line":4,"column":50},"end":{"line":11,"column":1}},"line":4}},"branchMap":{"0":{"loc":{"start":{"line":4,"column":26},"end":{"line":4,"column":38}},"type":"default-arg","locations":[{"start":{"line":4,"column":37},"end":{"line":4,"column":38}}],"line":4}},"s":{"0":2,"1":2,"2":4,"3":4,"4":4,"5":0,"6":2},"f":{"0":4},"b":{"0":[0]},"_coverageSchema":"1a1c01bbd47fc00a2c39e90264f33305004495a9","hash":"4a363e2473cf96afb910429dd633533be73fe098"}
,"/import/kamen/3/z5359445/SENG2021/invoice-seng2021-24t1-seng2021-24t1-w11a_sherlock/parser.js": {"path":"/import/kamen/3/z5359445/SENG2021/invoice-seng2021-24t1-seng2021-24t1-w11a_sherlock/parser.js","statementMap":{"0":{"start":{"line":1,"column":11},"end":{"line":1,"column":24}},"1":{"start":{"line":2,"column":18},"end":{"line":2,"column":40}},"2":{"start":{"line":3,"column":22},"end":{"line":3,"column":37}},"3":{"start":{"line":4,"column":20},"end":{"line":4,"column":49}},"4":{"start":{"line":5,"column":20},"end":{"line":5,"column":60}},"5":{"start":{"line":6,"column":16},"end":{"line":6,"column":45}},"6":{"start":{"line":19,"column":19},"end":{"line":19,"column":41}},"7":{"start":{"line":20,"column":2},"end":{"line":111,"column":3}},"8":{"start":{"line":22,"column":17},"end":{"line":22,"column":45}},"9":{"start":{"line":23,"column":4},"end":{"line":108,"column":7}},"10":{"start":{"line":24,"column":6},"end":{"line":107,"column":9}},"11":{"start":{"line":29,"column":8},"end":{"line":106,"column":9}},"12":{"start":{"line":30,"column":10},"end":{"line":30,"column":22}},"13":{"start":{"line":32,"column":24},"end":{"line":32,"column":26}},"14":{"start":{"line":33,"column":25},"end":{"line":33,"column":39}},"15":{"start":{"line":36,"column":10},"end":{"line":42,"column":11}},"16":{"start":{"line":37,"column":29},"end":{"line":40,"column":13}},"17":{"start":{"line":41,"column":12},"end":{"line":41,"column":55}},"18":{"start":{"line":44,"column":10},"end":{"line":50,"column":11}},"19":{"start":{"line":45,"column":29},"end":{"line":48,"column":13}},"20":{"start":{"line":49,"column":12},"end":{"line":49,"column":55}},"21":{"start":{"line":53,"column":10},"end":{"line":55,"column":26}},"22":{"start":{"line":57,"column":10},"end":{"line":59,"column":26}},"23":{"start":{"line":62,"column":10},"end":{"line":97,"column":11}},"24":{"start":{"line":63,"column":12},"end":{"line":63,"column":31}},"25":{"start":{"line":64,"column":12},"end":{"line":96,"column":13}},"26":{"start":{"line":64,"column":25},"end":{"line":64,"column":26}},"27":{"start":{"line":65,"column":25},"end":{"line":65,"column":27}},"28":{"start":{"line":66,"column":14},"end":{"line":68,"column":30}},"29":{"start":{"line":69,"column":14},"end":{"line":71,"column":30}},"30":{"start":{"line":72,"column":14},"end":{"line":86,"column":15}},"31":{"start":{"line":73,"column":16},"end":{"line":75,"column":32}},"32":{"start":{"line":76,"column":16},"end":{"line":85,"column":17}},"33":{"start":{"line":77,"column":18},"end":{"line":80,"column":34}},"34":{"start":{"line":81,"column":18},"end":{"line":84,"column":34}},"35":{"start":{"line":87,"column":14},"end":{"line":91,"column":15}},"36":{"start":{"line":88,"column":16},"end":{"line":90,"column":32}},"37":{"start":{"line":92,"column":14},"end":{"line":94,"column":15}},"38":{"start":{"line":93,"column":16},"end":{"line":93,"column":59}},"39":{"start":{"line":95,"column":14},"end":{"line":95,"column":39}},"40":{"start":{"line":99,"column":10},"end":{"line":104,"column":11}},"41":{"start":{"line":100,"column":12},"end":{"line":102,"column":28}},"42":{"start":{"line":103,"column":12},"end":{"line":103,"column":53}},"43":{"start":{"line":105,"column":10},"end":{"line":105,"column":27}},"44":{"start":{"line":110,"column":4},"end":{"line":110,"column":58}},"45":{"start":{"line":116,"column":14},"end":{"line":116,"column":16}},"46":{"start":{"line":117,"column":2},"end":{"line":117,"column":74}},"47":{"start":{"line":119,"column":2},"end":{"line":140,"column":3}},"48":{"start":{"line":120,"column":4},"end":{"line":122,"column":20}},"49":{"start":{"line":123,"column":4},"end":{"line":125,"column":20}},"50":{"start":{"line":126,"column":4},"end":{"line":128,"column":20}},"51":{"start":{"line":129,"column":4},"end":{"line":131,"column":20}},"52":{"start":{"line":132,"column":4},"end":{"line":139,"column":5}},"53":{"start":{"line":133,"column":6},"end":{"line":135,"column":22}},"54":{"start":{"line":137,"column":6},"end":{"line":137,"column":72}},"55":{"start":{"line":141,"column":12},"end":{"line":143,"column":17}},"56":{"start":{"line":144,"column":2},"end":{"line":146,"column":3}},"57":{"start":{"line":145,"column":4},"end":{"line":145,"column":29}},"58":{"start":{"line":148,"column":2},"end":{"line":150,"column":3}},"59":{"start":{"line":149,"column":4},"end":{"line":149,"column":49}},"60":{"start":{"line":152,"column":2},"end":{"line":154,"column":4}},"61":{"start":{"line":153,"column":15},"end":{"line":153,"column":45}},"62":{"start":{"line":156,"column":2},"end":{"line":156,"column":14}},"63":{"start":{"line":161,"column":2},"end":{"line":163,"column":3}},"64":{"start":{"line":162,"column":4},"end":{"line":162,"column":20}},"65":{"start":{"line":164,"column":2},"end":{"line":164,"column":14}},"66":{"start":{"line":167,"column":0},"end":{"line":167,"column":53}}},"fnMap":{"0":{"name":"parser","decl":{"start":{"line":18,"column":15},"end":{"line":18,"column":21}},"loc":{"start":{"line":18,"column":28},"end":{"line":112,"column":1}},"line":18},"1":{"name":"(anonymous_1)","decl":{"start":{"line":23,"column":23},"end":{"line":23,"column":24}},"loc":{"start":{"line":23,"column":44},"end":{"line":108,"column":5}},"line":23},"2":{"name":"(anonymous_2)","decl":{"start":{"line":27,"column":10},"end":{"line":27,"column":11}},"loc":{"start":{"line":28,"column":6},"end":{"line":107,"column":7}},"line":28},"3":{"name":"getPartyInfo","decl":{"start":{"line":115,"column":9},"end":{"line":115,"column":21}},"loc":{"start":{"line":115,"column":36},"end":{"line":157,"column":1}},"line":115},"4":{"name":"(anonymous_4)","decl":{"start":{"line":153,"column":4},"end":{"line":153,"column":5}},"loc":{"start":{"line":153,"column":15},"end":{"line":153,"column":45}},"line":153},"5":{"name":"checkType","decl":{"start":{"line":160,"column":9},"end":{"line":160,"column":18}},"loc":{"start":{"line":160,"column":26},"end":{"line":165,"column":1}},"line":160}},"branchMap":{"0":{"loc":{"start":{"line":29,"column":8},"end":{"line":106,"column":9}},"type":"if","locations":[{"start":{"line":29,"column":8},"end":{"line":106,"column":9}},{"start":{"line":31,"column":15},"end":{"line":106,"column":9}}],"line":29},"1":{"loc":{"start":{"line":36,"column":10},"end":{"line":42,"column":11}},"type":"if","locations":[{"start":{"line":36,"column":10},"end":{"line":42,"column":11}},{"start":{},"end":{}}],"line":36},"2":{"loc":{"start":{"line":44,"column":10},"end":{"line":50,"column":11}},"type":"if","locations":[{"start":{"line":44,"column":10},"end":{"line":50,"column":11}},{"start":{},"end":{}}],"line":44},"3":{"loc":{"start":{"line":53,"column":25},"end":{"line":55,"column":25}},"type":"cond-expr","locations":[{"start":{"line":54,"column":16},"end":{"line":54,"column":35}},{"start":{"line":55,"column":16},"end":{"line":55,"column":25}}],"line":53},"4":{"loc":{"start":{"line":57,"column":30},"end":{"line":59,"column":25}},"type":"cond-expr","locations":[{"start":{"line":58,"column":16},"end":{"line":58,"column":40}},{"start":{"line":59,"column":16},"end":{"line":59,"column":25}}],"line":57},"5":{"loc":{"start":{"line":62,"column":10},"end":{"line":97,"column":11}},"type":"if","locations":[{"start":{"line":62,"column":10},"end":{"line":97,"column":11}},{"start":{},"end":{}}],"line":62},"6":{"loc":{"start":{"line":66,"column":30},"end":{"line":68,"column":29}},"type":"cond-expr","locations":[{"start":{"line":67,"column":20},"end":{"line":67,"column":61}},{"start":{"line":68,"column":20},"end":{"line":68,"column":29}}],"line":66},"7":{"loc":{"start":{"line":69,"column":28},"end":{"line":71,"column":29}},"type":"cond-expr","locations":[{"start":{"line":70,"column":20},"end":{"line":70,"column":64}},{"start":{"line":71,"column":20},"end":{"line":71,"column":29}}],"line":69},"8":{"loc":{"start":{"line":72,"column":14},"end":{"line":86,"column":15}},"type":"if","locations":[{"start":{"line":72,"column":14},"end":{"line":86,"column":15}},{"start":{},"end":{}}],"line":72},"9":{"loc":{"start":{"line":73,"column":28},"end":{"line":75,"column":31}},"type":"cond-expr","locations":[{"start":{"line":74,"column":22},"end":{"line":74,"column":59}},{"start":{"line":75,"column":22},"end":{"line":75,"column":31}}],"line":73},"10":{"loc":{"start":{"line":76,"column":16},"end":{"line":85,"column":17}},"type":"if","locations":[{"start":{"line":76,"column":16},"end":{"line":85,"column":17}},{"start":{},"end":{}}],"line":76},"11":{"loc":{"start":{"line":78,"column":20},"end":{"line":80,"column":33}},"type":"cond-expr","locations":[{"start":{"line":79,"column":24},"end":{"line":79,"column":89}},{"start":{"line":80,"column":24},"end":{"line":80,"column":33}}],"line":78},"12":{"loc":{"start":{"line":82,"column":20},"end":{"line":84,"column":33}},"type":"cond-expr","locations":[{"start":{"line":83,"column":24},"end":{"line":83,"column":97}},{"start":{"line":84,"column":24},"end":{"line":84,"column":33}}],"line":82},"13":{"loc":{"start":{"line":87,"column":14},"end":{"line":91,"column":15}},"type":"if","locations":[{"start":{"line":87,"column":14},"end":{"line":91,"column":15}},{"start":{},"end":{}}],"line":87},"14":{"loc":{"start":{"line":88,"column":29},"end":{"line":90,"column":31}},"type":"cond-expr","locations":[{"start":{"line":89,"column":22},"end":{"line":89,"column":67}},{"start":{"line":90,"column":22},"end":{"line":90,"column":31}}],"line":88},"15":{"loc":{"start":{"line":99,"column":10},"end":{"line":104,"column":11}},"type":"if","locations":[{"start":{"line":99,"column":10},"end":{"line":104,"column":11}},{"start":{},"end":{}}],"line":99},"16":{"loc":{"start":{"line":100,"column":28},"end":{"line":102,"column":27}},"type":"cond-expr","locations":[{"start":{"line":101,"column":18},"end":{"line":101,"column":63}},{"start":{"line":102,"column":18},"end":{"line":102,"column":27}}],"line":100},"17":{"loc":{"start":{"line":117,"column":15},"end":{"line":117,"column":73}},"type":"cond-expr","locations":[{"start":{"line":117,"column":34},"end":{"line":117,"column":61}},{"start":{"line":117,"column":64},"end":{"line":117,"column":73}}],"line":117},"18":{"loc":{"start":{"line":119,"column":2},"end":{"line":140,"column":3}},"type":"if","locations":[{"start":{"line":119,"column":2},"end":{"line":140,"column":3}},{"start":{},"end":{}}],"line":119},"19":{"loc":{"start":{"line":120,"column":23},"end":{"line":122,"column":19}},"type":"cond-expr","locations":[{"start":{"line":121,"column":10},"end":{"line":121,"column":47}},{"start":{"line":122,"column":10},"end":{"line":122,"column":19}}],"line":120},"20":{"loc":{"start":{"line":123,"column":26},"end":{"line":125,"column":19}},"type":"cond-expr","locations":[{"start":{"line":124,"column":10},"end":{"line":124,"column":57}},{"start":{"line":125,"column":10},"end":{"line":125,"column":19}}],"line":123},"21":{"loc":{"start":{"line":126,"column":17},"end":{"line":128,"column":19}},"type":"cond-expr","locations":[{"start":{"line":127,"column":10},"end":{"line":127,"column":45}},{"start":{"line":128,"column":10},"end":{"line":128,"column":19}}],"line":126},"22":{"loc":{"start":{"line":129,"column":23},"end":{"line":131,"column":19}},"type":"cond-expr","locations":[{"start":{"line":130,"column":10},"end":{"line":130,"column":47}},{"start":{"line":131,"column":10},"end":{"line":131,"column":19}}],"line":129},"23":{"loc":{"start":{"line":132,"column":4},"end":{"line":139,"column":5}},"type":"if","locations":[{"start":{"line":132,"column":4},"end":{"line":139,"column":5}},{"start":{},"end":{}}],"line":132},"24":{"loc":{"start":{"line":133,"column":22},"end":{"line":135,"column":21}},"type":"cond-expr","locations":[{"start":{"line":134,"column":12},"end":{"line":134,"column":68}},{"start":{"line":135,"column":12},"end":{"line":135,"column":21}}],"line":133},"25":{"loc":{"start":{"line":141,"column":12},"end":{"line":143,"column":17}},"type":"cond-expr","locations":[{"start":{"line":142,"column":8},"end":{"line":142,"column":34}},{"start":{"line":143,"column":8},"end":{"line":143,"column":17}}],"line":141},"26":{"loc":{"start":{"line":144,"column":2},"end":{"line":146,"column":3}},"type":"if","locations":[{"start":{"line":144,"column":2},"end":{"line":146,"column":3}},{"start":{},"end":{}}],"line":144},"27":{"loc":{"start":{"line":161,"column":2},"end":{"line":163,"column":3}},"type":"if","locations":[{"start":{"line":161,"column":2},"end":{"line":163,"column":3}},{"start":{},"end":{}}],"line":161}},"s":{"0":3,"1":3,"2":3,"3":3,"4":3,"5":3,"6":8,"7":8,"8":8,"9":7,"10":7,"11":7,"12":0,"13":7,"14":7,"15":7,"16":6,"17":6,"18":7,"19":6,"20":6,"21":7,"22":7,"23":7,"24":6,"25":6,"26":6,"27":9,"28":9,"29":9,"30":9,"31":9,"32":9,"33":9,"34":9,"35":9,"36":9,"37":9,"38":54,"39":9,"40":7,"41":6,"42":6,"43":7,"44":1,"45":18,"46":18,"47":18,"48":13,"49":13,"50":13,"51":13,"52":13,"53":13,"54":13,"55":18,"56":18,"57":7,"58":18,"59":90,"60":18,"61":90,"62":18,"63":168,"64":61,"65":168,"66":3},"f":{"0":8,"1":7,"2":7,"3":18,"4":90,"5":168},"b":{"0":[0,7],"1":[6,1],"2":[6,1],"3":[6,1],"4":[6,1],"5":[6,1],"6":[9,0],"7":[9,0],"8":[9,0],"9":[9,0],"10":[9,0],"11":[9,0],"12":[9,0],"13":[9,0],"14":[9,0],"15":[6,1],"16":[6,0],"17":[14,4],"18":[13,5],"19":[13,0],"20":[6,7],"21":[13,0],"22":[13,0],"23":[13,0],"24":[13,0],"25":[7,11],"26":[7,11],"27":[61,107]},"_coverageSchema":"1a1c01bbd47fc00a2c39e90264f33305004495a9","hash":"e3be16d828ebef87721165ec62449088b784523d"}
,"/import/kamen/3/z5359445/SENG2021/invoice-seng2021-24t1-seng2021-24t1-w11a_sherlock/server.js": {"path":"/import/kamen/3/z5359445/SENG2021/invoice-seng2021-24t1-seng2021-24t1-w11a_sherlock/server.js","statementMap":{"0":{"start":{"line":1,"column":11},"end":{"line":1,"column":24}},"1":{"start":{"line":2,"column":13},"end":{"line":2,"column":28}},"2":{"start":{"line":3,"column":16},"end":{"line":3,"column":34}},"3":{"start":{"line":4,"column":19},"end":{"line":4,"column":41}},"4":{"start":{"line":5,"column":15},"end":{"line":5,"column":32}},"5":{"start":{"line":6,"column":13},"end":{"line":6,"column":28}},"6":{"start":{"line":7,"column":15},"end":{"line":7,"column":32}},"7":{"start":{"line":8,"column":15},"end":{"line":8,"column":39}},"8":{"start":{"line":9,"column":13},"end":{"line":9,"column":30}},"9":{"start":{"line":10,"column":13},"end":{"line":10,"column":30}},"10":{"start":{"line":11,"column":15},"end":{"line":11,"column":34}},"11":{"start":{"line":13,"column":12},"end":{"line":13,"column":21}},"12":{"start":{"line":14,"column":13},"end":{"line":14,"column":42}},"13":{"start":{"line":15,"column":13},"end":{"line":15,"column":54}},"14":{"start":{"line":18,"column":15},"end":{"line":18,"column":43}},"15":{"start":{"line":20,"column":0},"end":{"line":20,"column":27}},"16":{"start":{"line":21,"column":0},"end":{"line":21,"column":51}},"17":{"start":{"line":22,"column":0},"end":{"line":22,"column":16}},"18":{"start":{"line":25,"column":22},"end":{"line":25,"column":94}},"19":{"start":{"line":27,"column":0},"end":{"line":27,"column":56}},"20":{"start":{"line":30,"column":0},"end":{"line":37,"column":3}},"21":{"start":{"line":31,"column":4},"end":{"line":36,"column":5}},"22":{"start":{"line":32,"column":36},"end":{"line":32,"column":44}},"23":{"start":{"line":33,"column":8},"end":{"line":33,"column":56}},"24":{"start":{"line":35,"column":8},"end":{"line":35,"column":18}},"25":{"start":{"line":40,"column":0},"end":{"line":47,"column":3}},"26":{"start":{"line":41,"column":4},"end":{"line":46,"column":5}},"27":{"start":{"line":42,"column":36},"end":{"line":42,"column":44}},"28":{"start":{"line":43,"column":8},"end":{"line":43,"column":53}},"29":{"start":{"line":45,"column":8},"end":{"line":45,"column":18}},"30":{"start":{"line":49,"column":0},"end":{"line":56,"column":3}},"31":{"start":{"line":50,"column":4},"end":{"line":55,"column":5}},"32":{"start":{"line":51,"column":22},"end":{"line":51,"column":36}},"33":{"start":{"line":52,"column":8},"end":{"line":52,"column":44}},"34":{"start":{"line":54,"column":8},"end":{"line":54,"column":18}},"35":{"start":{"line":60,"column":0},"end":{"line":62,"column":3}},"36":{"start":{"line":61,"column":4},"end":{"line":61,"column":44}},"37":{"start":{"line":65,"column":0},"end":{"line":75,"column":3}},"38":{"start":{"line":66,"column":4},"end":{"line":74,"column":5}},"39":{"start":{"line":67,"column":29},"end":{"line":67,"column":37}},"40":{"start":{"line":68,"column":28},"end":{"line":68,"column":41}},"41":{"start":{"line":70,"column":8},"end":{"line":70,"column":42}},"42":{"start":{"line":71,"column":8},"end":{"line":71,"column":49}},"43":{"start":{"line":73,"column":8},"end":{"line":73,"column":68}},"44":{"start":{"line":77,"column":0},"end":{"line":83,"column":3}},"45":{"start":{"line":78,"column":4},"end":{"line":82,"column":5}},"46":{"start":{"line":79,"column":6},"end":{"line":79,"column":38}},"47":{"start":{"line":81,"column":6},"end":{"line":81,"column":16}},"48":{"start":{"line":85,"column":0},"end":{"line":89,"column":1}},"49":{"start":{"line":86,"column":4},"end":{"line":88,"column":7}},"50":{"start":{"line":87,"column":8},"end":{"line":87,"column":70}},"51":{"start":{"line":91,"column":0},"end":{"line":91,"column":21}}},"fnMap":{"0":{"name":"(anonymous_0)","decl":{"start":{"line":30,"column":27},"end":{"line":30,"column":28}},"loc":{"start":{"line":30,"column":47},"end":{"line":37,"column":1}},"line":30},"1":{"name":"(anonymous_1)","decl":{"start":{"line":40,"column":24},"end":{"line":40,"column":25}},"loc":{"start":{"line":40,"column":44},"end":{"line":47,"column":1}},"line":40},"2":{"name":"(anonymous_2)","decl":{"start":{"line":49,"column":25},"end":{"line":49,"column":26}},"loc":{"start":{"line":49,"column":45},"end":{"line":56,"column":1}},"line":49},"3":{"name":"(anonymous_3)","decl":{"start":{"line":60,"column":13},"end":{"line":60,"column":14}},"loc":{"start":{"line":60,"column":27},"end":{"line":62,"column":1}},"line":60},"4":{"name":"(anonymous_4)","decl":{"start":{"line":65,"column":52},"end":{"line":65,"column":53}},"loc":{"start":{"line":65,"column":72},"end":{"line":75,"column":1}},"line":65},"5":{"name":"(anonymous_5)","decl":{"start":{"line":77,"column":21},"end":{"line":77,"column":22}},"loc":{"start":{"line":77,"column":41},"end":{"line":83,"column":1}},"line":77},"6":{"name":"(anonymous_6)","decl":{"start":{"line":86,"column":21},"end":{"line":86,"column":22}},"loc":{"start":{"line":86,"column":27},"end":{"line":88,"column":5}},"line":86}},"branchMap":{"0":{"loc":{"start":{"line":14,"column":13},"end":{"line":14,"column":42}},"type":"binary-expr","locations":[{"start":{"line":14,"column":13},"end":{"line":14,"column":27}},{"start":{"line":14,"column":31},"end":{"line":14,"column":42}}],"line":14},"1":{"loc":{"start":{"line":15,"column":22},"end":{"line":15,"column":53}},"type":"binary-expr","locations":[{"start":{"line":15,"column":22},"end":{"line":15,"column":38}},{"start":{"line":15,"column":42},"end":{"line":15,"column":53}}],"line":15},"2":{"loc":{"start":{"line":85,"column":0},"end":{"line":89,"column":1}},"type":"if","locations":[{"start":{"line":85,"column":0},"end":{"line":89,"column":1}},{"start":{},"end":{}}],"line":85}},"s":{"0":2,"1":2,"2":2,"3":2,"4":2,"5":2,"6":2,"7":2,"8":2,"9":2,"10":2,"11":2,"12":2,"13":2,"14":2,"15":2,"16":2,"17":2,"18":2,"19":2,"20":2,"21":8,"22":8,"23":8,"24":3,"25":2,"26":4,"27":4,"28":4,"29":3,"30":2,"31":1,"32":1,"33":1,"34":1,"35":2,"36":0,"37":2,"38":5,"39":5,"40":5,"41":4,"42":4,"43":1,"44":2,"45":19,"46":19,"47":0,"48":2,"49":0,"50":0,"51":2},"f":{"0":8,"1":4,"2":1,"3":0,"4":5,"5":19,"6":0},"b":{"0":[2,2],"1":[2,2],"2":[0,2]},"_coverageSchema":"1a1c01bbd47fc00a2c39e90264f33305004495a9","hash":"bff52d2b0a1d0a3901ee48f86ac151144b938014"}
,"/import/kamen/3/z5359445/SENG2021/invoice-seng2021-24t1-seng2021-24t1-w11a_sherlock/userData.js": {"path":"/import/kamen/3/z5359445/SENG2021/invoice-seng2021-24t1-seng2021-24t1-w11a_sherlock/userData.js","statementMap":{"0":{"start":{"line":1,"column":11},"end":{"line":1,"column":24}},"1":{"start":{"line":3,"column":17},"end":{"line":3,"column":28}},"2":{"start":{"line":5,"column":11},"end":{"line":5,"column":13}},"3":{"start":{"line":8,"column":2},"end":{"line":8,"column":13}},"4":{"start":{"line":9,"column":2},"end":{"line":9,"column":14}},"5":{"start":{"line":13,"column":2},"end":{"line":13,"column":17}},"6":{"start":{"line":14,"column":2},"end":{"line":14,"column":13}},"7":{"start":{"line":18,"column":2},"end":{"line":18,"column":51}},"8":{"start":{"line":22,"column":2},"end":{"line":24,"column":3}},"9":{"start":{"line":23,"column":4},"end":{"line":23,"column":57}},"10":{"start":{"line":27,"column":0},"end":{"line":27,"column":38}}},"fnMap":{"0":{"name":"getData","decl":{"start":{"line":7,"column":9},"end":{"line":7,"column":16}},"loc":{"start":{"line":7,"column":19},"end":{"line":10,"column":1}},"line":7},"1":{"name":"setData","decl":{"start":{"line":12,"column":9},"end":{"line":12,"column":16}},"loc":{"start":{"line":12,"column":26},"end":{"line":15,"column":1}},"line":12},"2":{"name":"saveData","decl":{"start":{"line":17,"column":9},"end":{"line":17,"column":17}},"loc":{"start":{"line":17,"column":20},"end":{"line":19,"column":1}},"line":17},"3":{"name":"loadData","decl":{"start":{"line":21,"column":9},"end":{"line":21,"column":17}},"loc":{"start":{"line":21,"column":20},"end":{"line":25,"column":1}},"line":21}},"branchMap":{"0":{"loc":{"start":{"line":22,"column":2},"end":{"line":24,"column":3}},"type":"if","locations":[{"start":{"line":22,"column":2},"end":{"line":24,"column":3}},{"start":{},"end":{}}],"line":22}},"s":{"0":2,"1":2,"2":2,"3":25,"4":25,"5":24,"6":24,"7":24,"8":25,"9":25,"10":2},"f":{"0":25,"1":24,"2":24,"3":25},"b":{"0":[25,0]},"_coverageSchema":"1a1c01bbd47fc00a2c39e90264f33305004495a9","hash":"266350f12d9d47be6192a57a5239c895f2974bf0"}
}
