TN:
SF:auth.js
FN:8,(anonymous_0)
FN:36,(anonymous_1)
FN:52,(anonymous_2)
FN:59,(anonymous_3)
FN:66,checkValidEmail
FN:76,checkEmailExists
FN:86,generateToken
FN:100,checkValidToken
FN:112,returnValidUser
FN:124,updateUser
FNF:10
FNH:7
FNDA:8,(anonymous_0)
FNDA:4,(anonymous_1)
FNDA:1,(anonymous_2)
FNDA:0,(anonymous_3)
FNDA:7,checkValidEmail
FNDA:10,checkEmailExists
FNDA:9,generateToken
FNDA:10,checkValidToken
FNDA:0,returnValidUser
FNDA:0,updateUser
DA:1,2
DA:2,2
DA:4,2
DA:5,2
DA:7,2
DA:9,8
DA:10,1
DA:12,7
DA:13,2
DA:15,5
DA:16,5
DA:17,5
DA:19,5
DA:27,5
DA:28,5
DA:30,5
DA:37,4
DA:38,4
DA:39,4
DA:40,2
DA:43,2
DA:44,1
DA:47,1
DA:53,1
DA:54,1
DA:57,0
DA:58,0
DA:59,0
DA:61,0
DA:62,0
DA:67,7
DA:68,1
DA:70,6
DA:71,1
DA:73,5
DA:77,10
DA:78,10
DA:79,3
DA:80,3
DA:83,7
DA:87,9
DA:88,9
DA:89,9
DA:91,9
DA:92,0
DA:94,9
DA:97,9
DA:101,10
DA:102,10
DA:103,2
DA:104,2
DA:105,0
DA:109,10
DA:113,0
DA:114,0
DA:115,0
DA:116,0
DA:117,0
DA:121,0
DA:125,0
DA:126,0
DA:127,0
DA:128,0
DA:131,0
DA:134,2
LF:65
LH:47
BRDA:9,0,0,1
BRDA:9,0,1,7
BRDA:12,1,0,2
BRDA:12,1,1,5
BRDA:39,2,0,2
BRDA:39,2,1,2
BRDA:43,3,0,1
BRDA:43,3,1,1
BRDA:53,4,0,1
BRDA:53,4,1,0
BRDA:67,5,0,1
BRDA:67,5,1,6
BRDA:70,6,0,1
BRDA:70,6,1,5
BRDA:79,7,0,3
BRDA:79,7,1,0
BRDA:91,8,0,0
BRDA:91,8,1,9
BRDA:104,9,0,0
BRDA:104,9,1,2
BRDA:116,10,0,0
BRDA:116,10,1,0
BRDA:127,11,0,0
BRDA:127,11,1,0
BRF:24
BRH:16
end_of_record
TN:
SF:generate.js
FN:4,(anonymous_0)
FN:199,(anonymous_1)
FN:390,addText
FNF:3
FNH:3
FNDA:16,(anonymous_0)
FNDA:8,(anonymous_1)
FNDA:8,addText
DA:1,3
DA:3,3
DA:6,16
DA:8,16
DA:9,8
DA:12,8
DA:13,8
DA:15,8
DA:17,8
DA:18,106
DA:19,106
DA:20,106
DA:21,106
DA:22,100
DA:24,6
DA:25,6
DA:26,6
DA:27,6
DA:28,6
DA:30,6
DA:31,6
DA:32,6
DA:33,6
DA:35,6
DA:36,6
DA:37,6
DA:38,6
DA:40,6
DA:41,6
DA:42,6
DA:43,6
DA:45,6
DA:46,6
DA:47,6
DA:48,6
DA:50,6
DA:51,6
DA:52,6
DA:54,6
DA:55,6
DA:56,6
DA:57,6
DA:59,6
DA:60,6
DA:61,6
DA:62,6
DA:63,6
DA:65,6
DA:66,6
DA:67,6
DA:68,6
DA:69,6
DA:71,6
DA:72,6
DA:73,6
DA:74,6
DA:76,2
DA:77,2
DA:78,2
DA:79,2
DA:81,6
DA:82,6
DA:83,6
DA:84,6
DA:86,6
DA:87,6
DA:88,6
DA:89,6
DA:91,6
DA:92,6
DA:93,6
DA:94,6
DA:96,6
DA:97,6
DA:98,6
DA:100,6
DA:101,6
DA:102,6
DA:103,6
DA:104,6
DA:105,6
DA:106,6
DA:107,6
DA:109,6
DA:110,6
DA:111,6
DA:112,6
DA:114,6
DA:115,6
DA:116,6
DA:117,6
DA:119,6
DA:120,6
DA:121,6
DA:122,6
DA:123,6
DA:124,6
DA:125,6
DA:126,6
DA:127,6
DA:128,6
DA:129,6
DA:130,6
DA:131,6
DA:132,6
DA:133,6
DA:134,6
DA:136,6
DA:137,10
DA:139,10
DA:140,60
DA:144,60
DA:145,60
DA:147,60
DA:149,10
DA:150,10
DA:151,10
DA:152,10
DA:154,10
DA:155,10
DA:156,10
DA:158,10
DA:159,10
DA:160,10
DA:162,10
DA:163,10
DA:164,10
DA:166,10
DA:167,10
DA:168,10
DA:173,6
DA:175,6
DA:176,6
DA:177,6
DA:178,6
DA:179,6
DA:180,6
DA:181,6
DA:182,6
DA:183,6
DA:184,6
DA:185,6
DA:186,6
DA:187,6
DA:188,6
DA:195,16
DA:199,3
DA:200,8
DA:201,8
DA:203,8
DA:204,8
DA:206,8
DA:207,8
DA:208,8
DA:211,8
DA:212,106
DA:213,106
DA:214,106
DA:216,106
DA:218,100
DA:220,6
DA:221,6
DA:222,6
DA:223,6
DA:224,6
DA:226,6
DA:227,6
DA:228,6
DA:229,6
DA:231,6
DA:232,6
DA:233,6
DA:234,6
DA:236,6
DA:237,6
DA:238,6
DA:239,6
DA:241,6
DA:242,6
DA:243,6
DA:244,6
DA:246,6
DA:247,6
DA:248,6
DA:249,6
DA:250,6
DA:251,6
DA:252,6
DA:254,6
DA:255,6
DA:256,6
DA:257,6
DA:258,6
DA:259,6
DA:260,6
DA:261,6
DA:263,6
DA:264,6
DA:265,6
DA:266,6
DA:267,6
DA:268,6
DA:275,6
DA:276,6
DA:278,6
DA:279,6
DA:280,6
DA:281,6
DA:282,6
DA:283,6
DA:284,6
DA:285,6
DA:286,6
DA:287,6
DA:289,6
DA:290,6
DA:291,6
DA:292,6
DA:294,2
DA:295,2
DA:296,2
DA:297,2
DA:299,6
DA:300,6
DA:301,6
DA:302,6
DA:304,6
DA:305,6
DA:306,6
DA:307,6
DA:309,6
DA:310,6
DA:311,6
DA:312,6
DA:314,6
DA:315,6
DA:316,6
DA:317,6
DA:318,6
DA:319,6
DA:321,6
DA:322,6
DA:323,6
DA:324,6
DA:325,6
DA:326,6
DA:327,6
DA:328,6
DA:329,6
DA:330,6
DA:331,6
DA:332,6
DA:334,6
DA:335,10
DA:337,10
DA:338,60
DA:342,60
DA:343,60
DA:345,60
DA:347,10
DA:348,10
DA:350,10
DA:351,10
DA:352,10
DA:354,10
DA:355,10
DA:356,10
DA:358,10
DA:359,10
DA:360,10
DA:362,10
DA:363,10
DA:364,10
DA:366,10
DA:367,10
DA:372,6
DA:374,6
DA:375,6
DA:376,6
DA:377,6
DA:378,6
DA:379,6
DA:380,6
DA:381,6
DA:382,6
DA:383,6
DA:387,8
DA:391,8
DA:392,8
DA:393,8
DA:396,3
LF:291
LH:291
BRDA:4,0,0,6
BRDA:8,1,0,8
BRDA:8,1,1,8
BRDA:18,2,0,106
BRDA:18,2,1,0
BRDA:21,3,0,6
BRDA:21,3,1,100
BRDA:22,4,0,6
BRDA:22,4,1,6
BRDA:22,4,2,6
BRDA:22,4,3,6
BRDA:22,4,4,6
BRDA:22,4,5,6
BRDA:22,4,6,6
BRDA:22,4,7,6
BRDA:22,4,8,2
BRDA:22,4,9,6
BRDA:22,4,10,6
BRDA:22,4,11,6
BRDA:22,4,12,6
BRDA:22,4,13,6
BRDA:22,4,14,6
BRDA:22,4,15,6
BRDA:22,4,16,6
BRDA:140,5,0,60
BRDA:140,5,1,0
BRDA:147,6,0,10
BRDA:147,6,1,10
BRDA:147,6,2,10
BRDA:147,6,3,10
BRDA:147,6,4,10
BRDA:175,7,0,0
BRDA:175,7,1,6
BRDA:212,8,0,106
BRDA:212,8,1,0
BRDA:216,9,0,6
BRDA:216,9,1,100
BRDA:218,10,0,6
BRDA:218,10,1,6
BRDA:218,10,2,6
BRDA:218,10,3,6
BRDA:218,10,4,6
BRDA:218,10,5,6
BRDA:218,10,6,6
BRDA:218,10,7,6
BRDA:218,10,8,6
BRDA:218,10,9,6
BRDA:218,10,10,2
BRDA:218,10,11,6
BRDA:218,10,12,6
BRDA:218,10,13,6
BRDA:218,10,14,6
BRDA:218,10,15,6
BRDA:218,10,16,6
BRDA:338,11,0,60
BRDA:338,11,1,0
BRDA:345,12,0,10
BRDA:345,12,1,10
BRDA:345,12,2,10
BRDA:345,12,3,10
BRDA:345,12,4,10
BRF:61
BRH:56
end_of_record
TN:
SF:helper.js
FN:8,getHashOf
FN:12,removeFile
FN:18,clear
FNF:3
FNH:3
FNDA:15,getHashOf
FNDA:20,removeFile
FNDA:19,clear
DA:1,2
DA:2,2
DA:3,2
DA:5,2
DA:6,2
DA:9,15
DA:13,20
DA:14,11
DA:19,19
DA:20,19
DA:23,2
LF:11
LH:11
BRDA:13,0,0,11
BRDA:13,0,1,9
BRF:2
BRH:2
end_of_record
TN:
SF:main.js
FN:4,main
FNF:1
FNH:1
FNDA:4,main
DA:1,2
DA:2,2
DA:5,4
DA:6,4
DA:7,4
DA:9,0
DA:13,2
LF:7
LH:6
BRDA:4,0,0,0
BRF:1
BRH:0
end_of_record
TN:
SF:parser.js
FN:18,parser
FN:23,(anonymous_1)
FN:27,(anonymous_2)
FN:115,getPartyInfo
FN:153,(anonymous_4)
FN:160,checkType
FNF:6
FNH:6
FNDA:8,parser
FNDA:7,(anonymous_1)
FNDA:7,(anonymous_2)
FNDA:18,getPartyInfo
FNDA:90,(anonymous_4)
FNDA:168,checkType
DA:1,3
DA:2,3
DA:3,3
DA:4,3
DA:5,3
DA:6,3
DA:19,8
DA:20,8
DA:22,8
DA:23,7
DA:24,7
DA:29,7
DA:30,0
DA:32,7
DA:33,7
DA:36,7
DA:37,6
DA:41,6
DA:44,7
DA:45,6
DA:49,6
DA:53,7
DA:57,7
DA:62,7
DA:63,6
DA:64,6
DA:65,9
DA:66,9
DA:69,9
DA:72,9
DA:73,9
DA:76,9
DA:77,9
DA:81,9
DA:87,9
DA:88,9
DA:92,9
DA:93,54
DA:95,9
DA:99,7
DA:100,6
DA:103,6
DA:105,7
DA:110,1
DA:116,18
DA:117,18
DA:119,18
DA:120,13
DA:123,13
DA:126,13
DA:129,13
DA:132,13
DA:133,13
DA:137,13
DA:141,18
DA:144,18
DA:145,7
DA:148,18
DA:149,90
DA:152,18
DA:153,90
DA:156,18
DA:161,168
DA:162,61
DA:164,168
DA:167,3
LF:66
LH:65
BRDA:29,0,0,0
BRDA:29,0,1,7
BRDA:36,1,0,6
BRDA:36,1,1,1
BRDA:44,2,0,6
BRDA:44,2,1,1
BRDA:53,3,0,6
BRDA:53,3,1,1
BRDA:57,4,0,6
BRDA:57,4,1,1
BRDA:62,5,0,6
BRDA:62,5,1,1
BRDA:66,6,0,9
BRDA:66,6,1,0
BRDA:69,7,0,9
BRDA:69,7,1,0
BRDA:72,8,0,9
BRDA:72,8,1,0
BRDA:73,9,0,9
BRDA:73,9,1,0
BRDA:76,10,0,9
BRDA:76,10,1,0
BRDA:78,11,0,9
BRDA:78,11,1,0
BRDA:82,12,0,9
BRDA:82,12,1,0
BRDA:87,13,0,9
BRDA:87,13,1,0
BRDA:88,14,0,9
BRDA:88,14,1,0
BRDA:99,15,0,6
BRDA:99,15,1,1
BRDA:100,16,0,6
BRDA:100,16,1,0
BRDA:117,17,0,14
BRDA:117,17,1,4
BRDA:119,18,0,13
BRDA:119,18,1,5
BRDA:120,19,0,13
BRDA:120,19,1,0
BRDA:123,20,0,6
BRDA:123,20,1,7
BRDA:126,21,0,13
BRDA:126,21,1,0
BRDA:129,22,0,13
BRDA:129,22,1,0
BRDA:132,23,0,13
BRDA:132,23,1,0
BRDA:133,24,0,13
BRDA:133,24,1,0
BRDA:141,25,0,7
BRDA:141,25,1,11
BRDA:144,26,0,7
BRDA:144,26,1,11
BRDA:161,27,0,61
BRDA:161,27,1,107
BRF:56
BRH:40
end_of_record
TN:
SF:server.js
FN:30,(anonymous_0)
FN:40,(anonymous_1)
FN:49,(anonymous_2)
FN:60,(anonymous_3)
FN:65,(anonymous_4)
FN:77,(anonymous_5)
FN:86,(anonymous_6)
FNF:7
FNH:5
FNDA:8,(anonymous_0)
FNDA:4,(anonymous_1)
FNDA:1,(anonymous_2)
FNDA:0,(anonymous_3)
FNDA:5,(anonymous_4)
FNDA:19,(anonymous_5)
FNDA:0,(anonymous_6)
DA:1,2
DA:2,2
DA:3,2
DA:4,2
DA:5,2
DA:6,2
DA:7,2
DA:8,2
DA:9,2
DA:10,2
DA:11,2
DA:13,2
DA:14,2
DA:15,2
DA:18,2
DA:20,2
DA:21,2
DA:22,2
DA:25,2
DA:27,2
DA:30,2
DA:31,8
DA:32,8
DA:33,8
DA:35,3
DA:40,2
DA:41,4
DA:42,4
DA:43,4
DA:45,3
DA:49,2
DA:50,1
DA:51,1
DA:52,1
DA:54,1
DA:60,2
DA:61,0
DA:65,2
DA:66,5
DA:67,5
DA:68,5
DA:70,4
DA:71,4
DA:73,1
DA:77,2
DA:78,19
DA:79,19
DA:81,0
DA:85,2
DA:86,0
DA:87,0
DA:91,2
LF:52
LH:48
BRDA:14,0,0,2
BRDA:14,0,1,2
BRDA:15,1,0,2
BRDA:15,1,1,2
BRDA:85,2,0,0
BRDA:85,2,1,2
BRF:6
BRH:5
end_of_record
TN:
SF:userData.js
FN:7,getData
FN:12,setData
FN:17,saveData
FN:21,loadData
FNF:4
FNH:4
FNDA:25,getData
FNDA:24,setData
FNDA:24,saveData
FNDA:25,loadData
DA:1,2
DA:3,2
DA:5,2
DA:8,25
DA:9,25
DA:13,24
DA:14,24
DA:18,24
DA:22,25
DA:23,25
DA:27,2
LF:11
LH:11
BRDA:22,0,0,25
BRDA:22,0,1,0
BRF:2
BRH:1
end_of_record
